[ 2014-10-08T16:38:39+08:00 ] 127.0.0.1 /
INFO: [ app_begin ] --START--
INFO: ReadHtmlCache Behavior ::run [ RunTime:0.000592s ]
INFO: [ app_begin ] --END-- [ RunTime:0.000662s ]
INFO: [ view_parse ] --START--
INFO: ParseTemplate Behavior ::run [ RunTime:0.000916s ]
INFO: [ view_parse ] --END-- [ RunTime:0.000976s ]
INFO: [ view_filter ] --START--
NOTIC: [8] Use of undefined constant APP_TMPL_PATH - assumed 'APP_TMPL_PATH' E:\wamp\www\Library\ThinkPHP\Lib\Behavior\ContentReplaceBehavior.class.php 第 40 行.
NOTIC: [8] Use of undefined constant APP_TMPL_PATH - assumed 'APP_TMPL_PATH' E:\wamp\www\Library\ThinkPHP\Lib\Behavior\ContentReplaceBehavior.class.php 第 47 行.
INFO: ContentReplace Behavior ::run [ RunTime:0.000450s ]
INFO: TokenBuild Behavior ::run [ RunTime:0.000410s ]
INFO: WriteHtmlCache Behavior ::run [ RunTime:0.000340s ]
INFO: ShowRuntime Behavior ::run [ RunTime:0.000470s ]
INFO: [ view_filter ] --END-- [ RunTime:0.001791s ]
INFO: [ view_end ] --START--
INFO: ShowPageTrace Behavior ::run [ RunTime:0.000582s ]
INFO: [ view_end ] --END-- [ RunTime:0.000625s ]

[ 2014-10-08T19:51:20+08:00 ] 127.0.0.1 /
INFO: [ app_begin ] --START--
INFO: ReadHtmlCache Behavior ::run [ RunTime:0.104922s ]
INFO: [ app_begin ] --END-- [ RunTime:0.105081s ]
INFO: [ view_parse ] --START--
INFO: ParseTemplate Behavior ::run [ RunTime:0.000970s ]
INFO: [ view_parse ] --END-- [ RunTime:0.001036s ]
INFO: [ view_filter ] --START--
NOTIC: [8] Use of undefined constant APP_TMPL_PATH - assumed 'APP_TMPL_PATH' E:\wamp\www\Library\ThinkPHP\Lib\Behavior\ContentReplaceBehavior.class.php 第 40 行.
NOTIC: [8] Use of undefined constant APP_TMPL_PATH - assumed 'APP_TMPL_PATH' E:\wamp\www\Library\ThinkPHP\Lib\Behavior\ContentReplaceBehavior.class.php 第 47 行.
INFO: ContentReplace Behavior ::run [ RunTime:0.000457s ]
INFO: TokenBuild Behavior ::run [ RunTime:0.000422s ]
INFO: WriteHtmlCache Behavior ::run [ RunTime:0.000366s ]
INFO: ShowRuntime Behavior ::run [ RunTime:0.000480s ]
INFO: [ view_filter ] --END-- [ RunTime:0.001846s ]
INFO: [ view_end ] --START--
INFO: ShowPageTrace Behavior ::run [ RunTime:0.000584s ]
INFO: [ view_end ] --END-- [ RunTime:0.000627s ]

