[ 2014-11-04T09:10:22+08:00 ] 127.0.0.1 /
INFO: [ app_begin ] --START--
INFO: ReadHtmlCache Behavior ::run [ RunTime:0.000583s ]
INFO: [ app_begin ] --END-- [ RunTime:0.000652s ]
INFO: [ view_parse ] --START--
INFO: ParseTemplate Behavior ::run [ RunTime:0.031956s ]
INFO: [ view_parse ] --END-- [ RunTime:0.032136s ]
INFO: [ view_filter ] --START--
INFO: ContentReplace Behavior ::run [ RunTime:0.000823s ]
INFO: TokenBuild Behavior ::run [ RunTime:0.000821s ]
INFO: WriteHtmlCache Behavior ::run [ RunTime:0.000667s ]
INFO: ShowRuntime Behavior ::run [ RunTime:0.000935s ]
INFO: [ view_filter ] --END-- [ RunTime:0.003502s ]
INFO: [ view_end ] --START--
INFO: ShowPageTrace Behavior ::run [ RunTime:0.001146s ]
INFO: [ view_end ] --END-- [ RunTime:0.001234s ]

[ 2014-11-04T10:34:44+08:00 ] 127.0.0.1 /
INFO: [ app_begin ] --START--
INFO: ReadHtmlCache Behavior ::run [ RunTime:0.000610s ]
INFO: [ app_begin ] --END-- [ RunTime:0.000690s ]
INFO: [ view_parse ] --START--
INFO: ParseTemplate Behavior ::run [ RunTime:0.010690s ]
INFO: [ view_parse ] --END-- [ RunTime:0.010772s ]
INFO: [ view_filter ] --START--
INFO: ContentReplace Behavior ::run [ RunTime:0.000424s ]
INFO: TokenBuild Behavior ::run [ RunTime:0.000448s ]
INFO: WriteHtmlCache Behavior ::run [ RunTime:0.000329s ]
INFO: ShowRuntime Behavior ::run [ RunTime:0.000458s ]
INFO: [ view_filter ] --END-- [ RunTime:0.001839s ]
INFO: [ view_end ] --START--
INFO: ShowPageTrace Behavior ::run [ RunTime:0.000564s ]
INFO: [ view_end ] --END-- [ RunTime:0.000607s ]

[ 2014-11-04T10:37:39+08:00 ] 127.0.0.1 /
INFO: [ app_begin ] --START--
INFO: ReadHtmlCache Behavior ::run [ RunTime:0.000547s ]
INFO: [ app_begin ] --END-- [ RunTime:0.000624s ]
INFO: [ view_parse ] --START--
INFO: ParseTemplate Behavior ::run [ RunTime:0.009532s ]
INFO: [ view_parse ] --END-- [ RunTime:0.009604s ]
INFO: [ view_filter ] --START--
INFO: ContentReplace Behavior ::run [ RunTime:0.000419s ]
INFO: TokenBuild Behavior ::run [ RunTime:0.000415s ]
INFO: WriteHtmlCache Behavior ::run [ RunTime:0.000326s ]
INFO: ShowRuntime Behavior ::run [ RunTime:0.000453s ]
INFO: [ view_filter ] --END-- [ RunTime:0.001737s ]
INFO: [ view_end ] --START--
INFO: ShowPageTrace Behavior ::run [ RunTime:0.000566s ]
INFO: [ view_end ] --END-- [ RunTime:0.000609s ]

[ 2014-11-04T17:07:03+08:00 ] 127.0.0.1 /
INFO: [ app_begin ] --START--
INFO: ReadHtmlCache Behavior ::run [ RunTime:0.000696s ]
INFO: [ app_begin ] --END-- [ RunTime:0.000767s ]
INFO: [ view_parse ] --START--
INFO: ParseTemplate Behavior ::run [ RunTime:0.012230s ]
INFO: [ view_parse ] --END-- [ RunTime:0.012304s ]
INFO: [ view_filter ] --START--
INFO: ContentReplace Behavior ::run [ RunTime:0.000580s ]
INFO: TokenBuild Behavior ::run [ RunTime:0.000570s ]
INFO: WriteHtmlCache Behavior ::run [ RunTime:0.000497s ]
INFO: ShowRuntime Behavior ::run [ RunTime:0.000623s ]
INFO: [ view_filter ] --END-- [ RunTime:0.002397s ]
INFO: [ view_end ] --START--
INFO: ShowPageTrace Behavior ::run [ RunTime:0.000728s ]
INFO: [ view_end ] --END-- [ RunTime:0.000771s ]

