[ 2014-11-06T08:56:07+08:00 ] 127.0.0.1 /
INFO: [ app_begin ] --START--
INFO: ReadHtmlCache Behavior ::run [ RunTime:0.000978s ]
INFO: [ app_begin ] --END-- [ RunTime:0.001102s ]
INFO: [ view_parse ] --START--
INFO: ParseTemplate Behavior ::run [ RunTime:0.010621s ]
INFO: [ view_parse ] --END-- [ RunTime:0.010726s ]
INFO: [ view_filter ] --START--
INFO: ContentReplace Behavior ::run [ RunTime:0.000791s ]
INFO: TokenBuild Behavior ::run [ RunTime:0.000666s ]
INFO: WriteHtmlCache Behavior ::run [ RunTime:0.000439s ]
INFO: ShowRuntime Behavior ::run [ RunTime:0.000709s ]
INFO: [ view_filter ] --END-- [ RunTime:0.002809s ]
INFO: [ view_end ] --START--
INFO: ShowPageTrace Behavior ::run [ RunTime:0.000603s ]
INFO: [ view_end ] --END-- [ RunTime:0.000651s ]

[ 2014-11-06T11:49:11+08:00 ] 192.168.1.108 /
INFO: [ app_begin ] --START--
INFO: ReadHtmlCache Behavior ::run [ RunTime:0.001876s ]
INFO: [ app_begin ] --END-- [ RunTime:0.002452s ]
INFO: [ view_parse ] --START--
INFO: ParseTemplate Behavior ::run [ RunTime:0.014727s ]
INFO: [ view_parse ] --END-- [ RunTime:0.014893s ]
INFO: [ view_filter ] --START--
INFO: ContentReplace Behavior ::run [ RunTime:0.000905s ]
INFO: TokenBuild Behavior ::run [ RunTime:0.000903s ]
INFO: WriteHtmlCache Behavior ::run [ RunTime:0.000768s ]
INFO: ShowRuntime Behavior ::run [ RunTime:0.000984s ]
INFO: [ view_filter ] --END-- [ RunTime:0.003772s ]
INFO: [ view_end ] --START--
INFO: ShowPageTrace Behavior ::run [ RunTime:0.001196s ]
INFO: [ view_end ] --END-- [ RunTime:0.001269s ]

[ 2014-11-06T14:57:57+08:00 ] 192.168.1.106 /
INFO: [ app_begin ] --START--
INFO: ReadHtmlCache Behavior ::run [ RunTime:0.001581s ]
INFO: [ app_begin ] --END-- [ RunTime:0.001729s ]
INFO: [ view_parse ] --START--
INFO: ParseTemplate Behavior ::run [ RunTime:0.016532s ]
INFO: [ view_parse ] --END-- [ RunTime:0.016692s ]
INFO: [ view_filter ] --START--
INFO: ContentReplace Behavior ::run [ RunTime:0.001293s ]
INFO: TokenBuild Behavior ::run [ RunTime:0.001312s ]
INFO: WriteHtmlCache Behavior ::run [ RunTime:0.001345s ]
INFO: ShowRuntime Behavior ::run [ RunTime:0.001859s ]
INFO: [ view_filter ] --END-- [ RunTime:0.006174s ]
INFO: [ view_end ] --START--
INFO: ShowPageTrace Behavior ::run [ RunTime:0.002667s ]
INFO: [ view_end ] --END-- [ RunTime:0.002848s ]

