[ 2014-10-10T08:45:26+08:00 ] 127.0.0.1 /
INFO: [ app_begin ] --START--
INFO: ReadHtmlCache Behavior ::run [ RunTime:0.000588s ]
INFO: [ app_begin ] --END-- [ RunTime:0.000659s ]
INFO: [ view_parse ] --START--
INFO: ParseTemplate Behavior ::run [ RunTime:0.017451s ]
INFO: [ view_parse ] --END-- [ RunTime:0.017529s ]
INFO: [ view_filter ] --START--
INFO: ContentReplace Behavior ::run [ RunTime:0.000406s ]
INFO: TokenBuild Behavior ::run [ RunTime:0.000412s ]
INFO: WriteHtmlCache Behavior ::run [ RunTime:0.000329s ]
INFO: ShowRuntime Behavior ::run [ RunTime:0.000466s ]
INFO: [ view_filter ] --END-- [ RunTime:0.001738s ]
INFO: [ view_end ] --START--
INFO: ShowPageTrace Behavior ::run [ RunTime:0.000566s ]
INFO: [ view_end ] --END-- [ RunTime:0.000608s ]

[ 2014-10-10T08:45:29+08:00 ] 127.0.0.1 /
INFO: [ app_begin ] --START--
INFO: ReadHtmlCache Behavior ::run [ RunTime:0.000627s ]
INFO: [ app_begin ] --END-- [ RunTime:0.000732s ]
INFO: [ view_parse ] --START--
INFO: ParseTemplate Behavior ::run [ RunTime:0.009710s ]
INFO: [ view_parse ] --END-- [ RunTime:0.009823s ]
INFO: [ view_filter ] --START--
INFO: ContentReplace Behavior ::run [ RunTime:0.000371s ]
INFO: TokenBuild Behavior ::run [ RunTime:0.000370s ]
INFO: WriteHtmlCache Behavior ::run [ RunTime:0.000236s ]
INFO: ShowRuntime Behavior ::run [ RunTime:0.000466s ]
INFO: [ view_filter ] --END-- [ RunTime:0.001642s ]
INFO: [ view_end ] --START--
INFO: ShowPageTrace Behavior ::run [ RunTime:0.000617s ]
INFO: [ view_end ] --END-- [ RunTime:0.000688s ]

[ 2014-10-10T08:45:44+08:00 ] 127.0.0.1 /index.php/Index/hehe
INFO: [ route_check ] --START--
INFO: CheckRoute Behavior ::run [ RunTime:0.000878s ]
INFO: [ route_check ] --END-- [ RunTime:0.000958s ]
INFO: [ app_begin ] --START--
INFO: ReadHtmlCache Behavior ::run [ RunTime:0.000593s ]
INFO: [ app_begin ] --END-- [ RunTime:0.000651s ]

[ 2014-10-10T08:49:12+08:00 ] 127.0.0.1 /index.php/
INFO: [ route_check ] --START--
INFO: CheckRoute Behavior ::run [ RunTime:0.001197s ]
INFO: [ route_check ] --END-- [ RunTime:0.001304s ]
INFO: [ app_begin ] --START--
INFO: ReadHtmlCache Behavior ::run [ RunTime:0.000871s ]
INFO: [ app_begin ] --END-- [ RunTime:0.000951s ]
INFO: [ view_parse ] --START--
INFO: ParseTemplate Behavior ::run [ RunTime:0.015194s ]
INFO: [ view_parse ] --END-- [ RunTime:0.015298s ]
INFO: [ view_filter ] --START--
INFO: ContentReplace Behavior ::run [ RunTime:0.000669s ]
INFO: TokenBuild Behavior ::run [ RunTime:0.000669s ]
INFO: WriteHtmlCache Behavior ::run [ RunTime:0.000542s ]
INFO: ShowRuntime Behavior ::run [ RunTime:0.000749s ]
INFO: [ view_filter ] --END-- [ RunTime:0.002836s ]
INFO: [ view_end ] --START--
INFO: ShowPageTrace Behavior ::run [ RunTime:0.000929s ]
INFO: [ view_end ] --END-- [ RunTime:0.000984s ]

[ 2014-10-10T08:49:13+08:00 ] 127.0.0.1 /index.php/
INFO: [ route_check ] --START--
INFO: CheckRoute Behavior ::run [ RunTime:0.000895s ]
INFO: [ route_check ] --END-- [ RunTime:0.000999s ]
INFO: [ app_begin ] --START--
INFO: ReadHtmlCache Behavior ::run [ RunTime:0.000560s ]
INFO: [ app_begin ] --END-- [ RunTime:0.000633s ]
INFO: [ view_parse ] --START--
INFO: ParseTemplate Behavior ::run [ RunTime:0.009756s ]
INFO: [ view_parse ] --END-- [ RunTime:0.009865s ]
INFO: [ view_filter ] --START--
INFO: ContentReplace Behavior ::run [ RunTime:0.000361s ]
INFO: TokenBuild Behavior ::run [ RunTime:0.000368s ]
INFO: WriteHtmlCache Behavior ::run [ RunTime:0.000235s ]
INFO: ShowRuntime Behavior ::run [ RunTime:0.000508s ]
INFO: [ view_filter ] --END-- [ RunTime:0.001673s ]
INFO: [ view_end ] --START--
INFO: ShowPageTrace Behavior ::run [ RunTime:0.000642s ]
INFO: [ view_end ] --END-- [ RunTime:0.000716s ]

[ 2014-10-10T08:49:18+08:00 ] 127.0.0.1 /index.php/index.php/Index/hehe
INFO: [ route_check ] --START--
INFO: CheckRoute Behavior ::run [ RunTime:0.001182s ]
INFO: [ route_check ] --END-- [ RunTime:0.001279s ]
INFO: [ app_begin ] --START--
INFO: ReadHtmlCache Behavior ::run [ RunTime:0.000874s ]
INFO: [ app_begin ] --END-- [ RunTime:0.000962s ]
NOTIC: [8] Undefined variable: group E:\wamp\www\Library\ThinkPHP\Lib\Core\App.class.php 第 95 行.
ERR: 无法加载模块:index.php

[ 2014-10-10T08:49:26+08:00 ] 127.0.0.1 /index.php/index.php/Index/hehe
INFO: [ route_check ] --START--
INFO: CheckRoute Behavior ::run [ RunTime:0.001931s ]
INFO: [ route_check ] --END-- [ RunTime:0.002093s ]
INFO: [ app_begin ] --START--
INFO: ReadHtmlCache Behavior ::run [ RunTime:0.001500s ]
INFO: [ app_begin ] --END-- [ RunTime:0.001644s ]
NOTIC: [8] Undefined variable: group E:\wamp\www\Library\ThinkPHP\Lib\Core\App.class.php 第 95 行.
ERR: 无法加载模块:index.php

[ 2014-10-10T08:49:44+08:00 ] 127.0.0.1 /index.php/
INFO: [ route_check ] --START--
INFO: CheckRoute Behavior ::run [ RunTime:0.001092s ]
INFO: [ route_check ] --END-- [ RunTime:0.001218s ]
INFO: [ app_begin ] --START--
INFO: ReadHtmlCache Behavior ::run [ RunTime:0.000704s ]
INFO: [ app_begin ] --END-- [ RunTime:0.000795s ]
INFO: [ view_parse ] --START--
INFO: ParseTemplate Behavior ::run [ RunTime:0.009679s ]
INFO: [ view_parse ] --END-- [ RunTime:0.009806s ]
INFO: [ view_filter ] --START--
INFO: ContentReplace Behavior ::run [ RunTime:0.000425s ]
INFO: TokenBuild Behavior ::run [ RunTime:0.000495s ]
INFO: WriteHtmlCache Behavior ::run [ RunTime:0.000305s ]
INFO: ShowRuntime Behavior ::run [ RunTime:0.000565s ]
INFO: [ view_filter ] --END-- [ RunTime:0.002040s ]
INFO: [ view_end ] --START--
INFO: ShowPageTrace Behavior ::run [ RunTime:0.000811s ]
INFO: [ view_end ] --END-- [ RunTime:0.000898s ]

[ 2014-10-10T08:49:47+08:00 ] 127.0.0.1 /index.php
INFO: [ app_begin ] --START--
INFO: ReadHtmlCache Behavior ::run [ RunTime:0.000595s ]
INFO: [ app_begin ] --END-- [ RunTime:0.000717s ]
INFO: [ view_parse ] --START--
INFO: ParseTemplate Behavior ::run [ RunTime:0.007652s ]
INFO: [ view_parse ] --END-- [ RunTime:0.007745s ]
INFO: [ view_filter ] --START--
INFO: ContentReplace Behavior ::run [ RunTime:0.000333s ]
INFO: TokenBuild Behavior ::run [ RunTime:0.000356s ]
INFO: WriteHtmlCache Behavior ::run [ RunTime:0.000229s ]
INFO: ShowRuntime Behavior ::run [ RunTime:0.000452s ]
INFO: [ view_filter ] --END-- [ RunTime:0.001569s ]
INFO: [ view_end ] --START--
INFO: ShowPageTrace Behavior ::run [ RunTime:0.000635s ]
INFO: [ view_end ] --END-- [ RunTime:0.000705s ]

[ 2014-10-10T08:49:49+08:00 ] 127.0.0.1 /index.php
INFO: [ app_begin ] --START--
INFO: ReadHtmlCache Behavior ::run [ RunTime:0.001017s ]
INFO: [ app_begin ] --END-- [ RunTime:0.001192s ]
INFO: [ view_parse ] --START--
INFO: ParseTemplate Behavior ::run [ RunTime:0.012641s ]
INFO: [ view_parse ] --END-- [ RunTime:0.012791s ]
INFO: [ view_filter ] --START--
INFO: ContentReplace Behavior ::run [ RunTime:0.000502s ]
INFO: TokenBuild Behavior ::run [ RunTime:0.000512s ]
INFO: WriteHtmlCache Behavior ::run [ RunTime:0.000322s ]
INFO: ShowRuntime Behavior ::run [ RunTime:0.000510s ]
INFO: [ view_filter ] --END-- [ RunTime:0.002132s ]
INFO: [ view_end ] --START--
INFO: ShowPageTrace Behavior ::run [ RunTime:0.000373s ]
INFO: [ view_end ] --END-- [ RunTime:0.000415s ]

[ 2014-10-10T08:49:53+08:00 ] 127.0.0.1 /index.php/Index/hehe
INFO: [ route_check ] --START--
INFO: CheckRoute Behavior ::run [ RunTime:0.001433s ]
INFO: [ route_check ] --END-- [ RunTime:0.001590s ]
INFO: [ app_begin ] --START--
INFO: ReadHtmlCache Behavior ::run [ RunTime:0.000580s ]
INFO: [ app_begin ] --END-- [ RunTime:0.000666s ]

[ 2014-10-10T08:52:02+08:00 ] 127.0.0.1 /index.php
INFO: [ app_begin ] --START--
INFO: ReadHtmlCache Behavior ::run [ RunTime:0.001412s ]
INFO: [ app_begin ] --END-- [ RunTime:0.001584s ]
INFO: [ view_parse ] --START--
INFO: ParseTemplate Behavior ::run [ RunTime:0.009343s ]
INFO: [ view_parse ] --END-- [ RunTime:0.009458s ]
INFO: [ view_filter ] --START--
INFO: ContentReplace Behavior ::run [ RunTime:0.000434s ]
INFO: TokenBuild Behavior ::run [ RunTime:0.000425s ]
INFO: WriteHtmlCache Behavior ::run [ RunTime:0.000345s ]
INFO: ShowRuntime Behavior ::run [ RunTime:0.000482s ]
INFO: [ view_filter ] --END-- [ RunTime:0.001823s ]
INFO: [ view_end ] --START--
INFO: ShowPageTrace Behavior ::run [ RunTime:0.000593s ]
INFO: [ view_end ] --END-- [ RunTime:0.000639s ]

[ 2014-10-10T08:52:03+08:00 ] 127.0.0.1 /index.php
INFO: [ app_begin ] --START--
INFO: ReadHtmlCache Behavior ::run [ RunTime:0.000653s ]
INFO: [ app_begin ] --END-- [ RunTime:0.000762s ]
INFO: [ view_parse ] --START--
INFO: ParseTemplate Behavior ::run [ RunTime:0.009618s ]
INFO: [ view_parse ] --END-- [ RunTime:0.009741s ]
INFO: [ view_filter ] --START--
INFO: ContentReplace Behavior ::run [ RunTime:0.000407s ]
INFO: TokenBuild Behavior ::run [ RunTime:0.000401s ]
INFO: WriteHtmlCache Behavior ::run [ RunTime:0.000266s ]
INFO: ShowRuntime Behavior ::run [ RunTime:0.000498s ]
INFO: [ view_filter ] --END-- [ RunTime:0.001795s ]
INFO: [ view_end ] --START--
INFO: ShowPageTrace Behavior ::run [ RunTime:0.000757s ]
INFO: [ view_end ] --END-- [ RunTime:0.000837s ]

[ 2014-10-10T08:52:04+08:00 ] 127.0.0.1 /index.php
INFO: [ app_begin ] --START--
INFO: ReadHtmlCache Behavior ::run [ RunTime:0.000864s ]
INFO: [ app_begin ] --END-- [ RunTime:0.000968s ]
INFO: [ view_parse ] --START--
INFO: ParseTemplate Behavior ::run [ RunTime:0.015772s ]
INFO: [ view_parse ] --END-- [ RunTime:0.015911s ]
INFO: [ view_filter ] --START--
INFO: ContentReplace Behavior ::run [ RunTime:0.000812s ]
INFO: TokenBuild Behavior ::run [ RunTime:0.000663s ]
INFO: WriteHtmlCache Behavior ::run [ RunTime:0.000570s ]
INFO: ShowRuntime Behavior ::run [ RunTime:0.000905s ]
INFO: [ view_filter ] --END-- [ RunTime:0.003210s ]
INFO: [ view_end ] --START--
INFO: ShowPageTrace Behavior ::run [ RunTime:0.001136s ]
INFO: [ view_end ] --END-- [ RunTime:0.001232s ]

[ 2014-10-10T08:52:18+08:00 ] 127.0.0.1 /index.php
INFO: [ app_begin ] --START--
INFO: ReadHtmlCache Behavior ::run [ RunTime:0.000575s ]
INFO: [ app_begin ] --END-- [ RunTime:0.000673s ]
INFO: [ view_parse ] --START--
INFO: ParseTemplate Behavior ::run [ RunTime:0.010529s ]
INFO: [ view_parse ] --END-- [ RunTime:0.010636s ]
INFO: [ view_filter ] --START--
INFO: ContentReplace Behavior ::run [ RunTime:0.000353s ]
INFO: TokenBuild Behavior ::run [ RunTime:0.000400s ]
INFO: WriteHtmlCache Behavior ::run [ RunTime:0.000238s ]
INFO: ShowRuntime Behavior ::run [ RunTime:0.000455s ]
INFO: [ view_filter ] --END-- [ RunTime:0.001669s ]
INFO: [ view_end ] --START--
INFO: ShowPageTrace Behavior ::run [ RunTime:0.000621s ]
INFO: [ view_end ] --END-- [ RunTime:0.000734s ]

[ 2014-10-10T08:52:19+08:00 ] 127.0.0.1 /index.php
INFO: [ app_begin ] --START--
INFO: ReadHtmlCache Behavior ::run [ RunTime:0.001832s ]
INFO: [ app_begin ] --END-- [ RunTime:0.001982s ]
INFO: [ view_parse ] --START--
INFO: ParseTemplate Behavior ::run [ RunTime:0.007906s ]
INFO: [ view_parse ] --END-- [ RunTime:0.008019s ]
INFO: [ view_filter ] --START--
INFO: ContentReplace Behavior ::run [ RunTime:0.000854s ]
INFO: TokenBuild Behavior ::run [ RunTime:0.000548s ]
INFO: WriteHtmlCache Behavior ::run [ RunTime:0.000435s ]
INFO: ShowRuntime Behavior ::run [ RunTime:0.000612s ]
INFO: [ view_filter ] --END-- [ RunTime:0.002627s ]
INFO: [ view_end ] --START--
INFO: ShowPageTrace Behavior ::run [ RunTime:0.000748s ]
INFO: [ view_end ] --END-- [ RunTime:0.000807s ]

[ 2014-10-10T08:52:34+08:00 ] 127.0.0.1 /index.php
INFO: [ app_begin ] --START--
INFO: ReadHtmlCache Behavior ::run [ RunTime:0.000930s ]
INFO: [ app_begin ] --END-- [ RunTime:0.001106s ]
INFO: [ view_parse ] --START--
INFO: ParseTemplate Behavior ::run [ RunTime:0.014230s ]
INFO: [ view_parse ] --END-- [ RunTime:0.014343s ]
INFO: [ view_filter ] --START--
INFO: ContentReplace Behavior ::run [ RunTime:0.000233s ]
INFO: TokenBuild Behavior ::run [ RunTime:0.000234s ]
INFO: WriteHtmlCache Behavior ::run [ RunTime:0.000150s ]
INFO: ShowRuntime Behavior ::run [ RunTime:0.000287s ]
INFO: [ view_filter ] --END-- [ RunTime:0.001027s ]
INFO: [ view_end ] --START--
INFO: ShowPageTrace Behavior ::run [ RunTime:0.000393s ]
INFO: [ view_end ] --END-- [ RunTime:0.000436s ]

[ 2014-10-10T08:52:43+08:00 ] 127.0.0.1 /index.php
INFO: [ app_begin ] --START--
INFO: ReadHtmlCache Behavior ::run [ RunTime:0.000645s ]
INFO: [ app_begin ] --END-- [ RunTime:0.000750s ]
INFO: [ view_parse ] --START--
INFO: ParseTemplate Behavior ::run [ RunTime:0.009560s ]
INFO: [ view_parse ] --END-- [ RunTime:0.009737s ]
INFO: [ view_filter ] --START--
INFO: ContentReplace Behavior ::run [ RunTime:0.000622s ]
INFO: TokenBuild Behavior ::run [ RunTime:0.000669s ]
INFO: WriteHtmlCache Behavior ::run [ RunTime:0.000461s ]
INFO: ShowRuntime Behavior ::run [ RunTime:0.000637s ]
INFO: [ view_filter ] --END-- [ RunTime:0.002780s ]
INFO: [ view_end ] --START--
INFO: ShowPageTrace Behavior ::run [ RunTime:0.000913s ]
INFO: [ view_end ] --END-- [ RunTime:0.001002s ]

