[ 2016-07-13T10:56:29+08:00 ] 0.0.0.0 /
INFO: [ app_begin ] --START--
INFO: ReadHtmlCache Behavior ::run [ RunTime:0.002497s ]
INFO: [ app_begin ] --END-- [ RunTime:0.002618s ]
SQL: SHOW COLUMNS FROM `xsser_news` [ RunTime:0.030944s ]
SQL: SELECT * FROM `xsser_news` WHERE ( `type_id` = 1 ) ORDER BY show_level desc,id desc LIMIT 1   [ RunTime:0.036160s ]
SQL: SELECT * FROM `xsser_news` WHERE ( `type_id` = 10 ) ORDER BY show_level desc,id desc LIMIT 1   [ RunTime:0.031506s ]
SQL: SHOW COLUMNS FROM `xsser_conf` [ RunTime:0.030339s ]
SQL: SELECT * FROM `xsser_conf` WHERE (  conf='全局立即购买链接'  ) LIMIT 1   [ RunTime:0.029861s ]
SQL: SELECT * FROM `xsser_conf` WHERE (  conf='全局在线咨询链接'  ) LIMIT 1   [ RunTime:0.031206s ]
SQL: SHOW COLUMNS FROM `xsser_product` [ RunTime:0.031374s ]
SQL: SELECT * FROM `xsser_product` WHERE ( `type_id` = 22 ) ORDER BY  show_level,id desc  LIMIT 1   [ RunTime:0.032445s ]
SQL: SELECT * FROM `xsser_product` WHERE ( `type_id` = 30 ) ORDER BY  show_level,id desc   [ RunTime:0.032237s ]
SQL: SELECT * FROM `xsser_conf` WHERE (  conf='网站标题'  ) LIMIT 1   [ RunTime:0.037592s ]
SQL: SELECT * FROM `xsser_conf` WHERE (  conf='网站关键词'  ) LIMIT 1   [ RunTime:0.030924s ]
SQL: SELECT * FROM `xsser_conf` WHERE (  conf='网站描述'  ) LIMIT 1   [ RunTime:0.032132s ]
SQL: SELECT * FROM `xsser_product` WHERE ( `type_id` = 4 ) ORDER BY  show_level,id desc   [ RunTime:0.038259s ]
SQL: SELECT * FROM `xsser_product` WHERE ( `type_id` = 28 ) ORDER BY  show_level,id desc   [ RunTime:0.033412s ]
SQL: SHOW COLUMNS FROM `xsser_product_type` [ RunTime:0.030765s ]
SQL: SELECT * FROM `xsser_product_type` WHERE ( `type_type` = 5 ) AND ( `type_rank` = 2 ) ORDER BY  show_level,id desc   [ RunTime:0.035337s ]
SQL: SELECT * FROM `xsser_product` WHERE ( `type_id` = 17 ) ORDER BY  show_level,id desc  LIMIT 3   [ RunTime:0.125659s ]
SQL: SELECT * FROM `xsser_product` WHERE ( `type_id` = 18 ) ORDER BY  show_level,id desc  LIMIT 3   [ RunTime:0.062616s ]
SQL: SELECT * FROM `xsser_product` WHERE ( `type_id` = 19 ) ORDER BY  show_level,id desc  LIMIT 3   [ RunTime:0.031976s ]
SQL: SELECT `id` FROM `xsser_product_type` WHERE ( `type_type` = 5 ) ORDER BY  show_level,id desc   [ RunTime:0.030852s ]
SQL: SELECT * FROM `xsser_product` WHERE ( `type_id` IN ('24','25','26','27','23') ) AND ( `active` = 1 ) ORDER BY  show_level,id desc  LIMIT 6   [ RunTime:0.068749s ]
SQL: SELECT * FROM `xsser_product` WHERE ( `type_id` = 9 ) ORDER BY  show_level,id desc  LIMIT 1   [ RunTime:0.034000s ]
SQL: SELECT * FROM `xsser_product` WHERE ( `type_id` = 7 ) ORDER BY  show_level,id desc  LIMIT 10   [ RunTime:0.032347s ]
SQL: SELECT * FROM `xsser_product` WHERE ( `type_id` = 10 ) ORDER BY  show_level,id desc  LIMIT 10   [ RunTime:0.032141s ]
SQL: SELECT * FROM `xsser_product` WHERE ( `type_id` = 11 ) ORDER BY  show_level,id desc  LIMIT 1   [ RunTime:0.036634s ]
SQL: SELECT * FROM `xsser_product` WHERE ( `type_id` = 12 ) ORDER BY  show_level,id desc  LIMIT 0,8   [ RunTime:0.031868s ]
SQL: SELECT * FROM `xsser_product` WHERE ( `type_id` = 13 ) ORDER BY  show_level,id desc  LIMIT 0,8   [ RunTime:0.032253s ]
SQL: SELECT `id` FROM `xsser_product_type` WHERE ( `type_type` = 1 ) ORDER BY  show_level,id desc   [ RunTime:0.037152s ]
SQL: SELECT * FROM `xsser_product` WHERE ( `type_id` IN ('8','7','6') ) AND ( `active` = 1 ) ORDER BY  show_level,id desc  LIMIT 8   [ RunTime:0.032297s ]
SQL: SELECT * FROM `xsser_product` WHERE ( `type_id` = 15 ) ORDER BY  show_level,id desc  LIMIT 1   [ RunTime:0.032935s ]
SQL: SELECT * FROM `xsser_news` WHERE ( `type_id` = 2 ) ORDER BY  show_level,id desc  LIMIT 4   [ RunTime:0.037300s ]
SQL: SELECT `id` FROM `xsser_product_type` WHERE ( `type_type` = 4 ) ORDER BY  show_level,id desc   [ RunTime:0.030100s ]
SQL: SELECT * FROM `xsser_product` WHERE ( `type_id` IN ('17','18','16') ) AND ( `active` = 1 ) ORDER BY  show_level,id desc  LIMIT 3   [ RunTime:0.066875s ]
SQL: SELECT * FROM `xsser_product` WHERE ( `type_id` = 21 ) ORDER BY  show_level,id desc  LIMIT 11   [ RunTime:0.034594s ]
INFO: [ view_parse ] --START--
INFO: ParseTemplate Behavior ::run [ RunTime:0.080257s ]
INFO: [ view_parse ] --END-- [ RunTime:0.080347s ]
INFO: [ view_filter ] --START--
INFO: ContentReplace Behavior ::run [ RunTime:0.002394s ]
INFO: TokenBuild Behavior ::run [ RunTime:0.002254s ]
INFO: WriteHtmlCache Behavior ::run [ RunTime:0.002043s ]
INFO: ShowRuntime Behavior ::run [ RunTime:0.003648s ]
INFO: [ view_filter ] --END-- [ RunTime:0.010526s ]
INFO: [ view_end ] --START--
INFO: ShowPageTrace Behavior ::run [ RunTime:0.008408s ]
INFO: [ view_end ] --END-- [ RunTime:0.008495s ]

[ 2016-07-13T10:56:33+08:00 ] 0.0.0.0 /
INFO: [ app_begin ] --START--
INFO: ReadHtmlCache Behavior ::run [ RunTime:0.002378s ]
INFO: [ app_begin ] --END-- [ RunTime:0.002504s ]
SQL: SHOW COLUMNS FROM `xsser_news` [ RunTime:0.030999s ]
SQL: SELECT * FROM `xsser_news` WHERE ( `type_id` = 1 ) ORDER BY show_level desc,id desc LIMIT 1   [ RunTime:0.579444s ]
SQL: SELECT * FROM `xsser_news` WHERE ( `type_id` = 10 ) ORDER BY show_level desc,id desc LIMIT 1   [ RunTime:0.031754s ]
SQL: SHOW COLUMNS FROM `xsser_conf` [ RunTime:0.030776s ]
SQL: SELECT * FROM `xsser_conf` WHERE (  conf='全局立即购买链接'  ) LIMIT 1   [ RunTime:0.029696s ]
SQL: SELECT * FROM `xsser_conf` WHERE (  conf='全局在线咨询链接'  ) LIMIT 1   [ RunTime:0.030742s ]
SQL: SHOW COLUMNS FROM `xsser_product` [ RunTime:0.042818s ]
SQL: SELECT * FROM `xsser_product` WHERE ( `type_id` = 22 ) ORDER BY  show_level,id desc  LIMIT 1   [ RunTime:0.042651s ]
SQL: SELECT * FROM `xsser_product` WHERE ( `type_id` = 30 ) ORDER BY  show_level,id desc   [ RunTime:0.032726s ]
SQL: SELECT * FROM `xsser_conf` WHERE (  conf='网站标题'  ) LIMIT 1   [ RunTime:0.267663s ]
SQL: SELECT * FROM `xsser_conf` WHERE (  conf='网站关键词'  ) LIMIT 1   [ RunTime:0.029702s ]
SQL: SELECT * FROM `xsser_conf` WHERE (  conf='网站描述'  ) LIMIT 1   [ RunTime:0.029495s ]
SQL: SELECT * FROM `xsser_product` WHERE ( `type_id` = 4 ) ORDER BY  show_level,id desc   [ RunTime:0.033031s ]
SQL: SELECT * FROM `xsser_product` WHERE ( `type_id` = 28 ) ORDER BY  show_level,id desc   [ RunTime:0.031643s ]
SQL: SHOW COLUMNS FROM `xsser_product_type` [ RunTime:0.030818s ]
SQL: SELECT * FROM `xsser_product_type` WHERE ( `type_type` = 5 ) AND ( `type_rank` = 2 ) ORDER BY  show_level,id desc   [ RunTime:0.031613s ]
SQL: SELECT * FROM `xsser_product` WHERE ( `type_id` = 17 ) ORDER BY  show_level,id desc  LIMIT 3   [ RunTime:0.188657s ]
SQL: SELECT * FROM `xsser_product` WHERE ( `type_id` = 18 ) ORDER BY  show_level,id desc  LIMIT 3   [ RunTime:0.075951s ]
SQL: SELECT * FROM `xsser_product` WHERE ( `type_id` = 19 ) ORDER BY  show_level,id desc  LIMIT 3   [ RunTime:0.271543s ]
SQL: SELECT `id` FROM `xsser_product_type` WHERE ( `type_type` = 5 ) ORDER BY  show_level,id desc   [ RunTime:0.034147s ]
SQL: SELECT * FROM `xsser_product` WHERE ( `type_id` IN ('24','25','26','27','23') ) AND ( `active` = 1 ) ORDER BY  show_level,id desc  LIMIT 6   [ RunTime:0.296536s ]
SQL: SELECT * FROM `xsser_product` WHERE ( `type_id` = 9 ) ORDER BY  show_level,id desc  LIMIT 1   [ RunTime:0.032872s ]
SQL: SELECT * FROM `xsser_product` WHERE ( `type_id` = 7 ) ORDER BY  show_level,id desc  LIMIT 10   [ RunTime:0.037562s ]
SQL: SELECT * FROM `xsser_product` WHERE ( `type_id` = 10 ) ORDER BY  show_level,id desc  LIMIT 10   [ RunTime:0.031749s ]
SQL: SELECT * FROM `xsser_product` WHERE ( `type_id` = 11 ) ORDER BY  show_level,id desc  LIMIT 1   [ RunTime:0.031690s ]
SQL: SELECT * FROM `xsser_product` WHERE ( `type_id` = 12 ) ORDER BY  show_level,id desc  LIMIT 0,8   [ RunTime:0.037673s ]
SQL: SELECT * FROM `xsser_product` WHERE ( `type_id` = 13 ) ORDER BY  show_level,id desc  LIMIT 0,8   [ RunTime:0.031495s ]
SQL: SELECT `id` FROM `xsser_product_type` WHERE ( `type_type` = 1 ) ORDER BY  show_level,id desc   [ RunTime:0.028827s ]
SQL: SELECT * FROM `xsser_product` WHERE ( `type_id` IN ('8','7','6') ) AND ( `active` = 1 ) ORDER BY  show_level,id desc  LIMIT 8   [ RunTime:0.032656s ]
SQL: SELECT * FROM `xsser_product` WHERE ( `type_id` = 15 ) ORDER BY  show_level,id desc  LIMIT 1   [ RunTime:0.035858s ]
SQL: SELECT * FROM `xsser_news` WHERE ( `type_id` = 2 ) ORDER BY  show_level,id desc  LIMIT 4   [ RunTime:0.031564s ]
SQL: SELECT `id` FROM `xsser_product_type` WHERE ( `type_type` = 4 ) ORDER BY  show_level,id desc   [ RunTime:0.031905s ]
SQL: SELECT * FROM `xsser_product` WHERE ( `type_id` IN ('17','18','16') ) AND ( `active` = 1 ) ORDER BY  show_level,id desc  LIMIT 3   [ RunTime:0.125828s ]
SQL: SELECT * FROM `xsser_product` WHERE ( `type_id` = 21 ) ORDER BY  show_level,id desc  LIMIT 11   [ RunTime:0.032556s ]
INFO: [ view_parse ] --START--
INFO: ParseTemplate Behavior ::run [ RunTime:0.047303s ]
INFO: [ view_parse ] --END-- [ RunTime:0.047394s ]
INFO: [ view_filter ] --START--
INFO: ContentReplace Behavior ::run [ RunTime:0.003280s ]
INFO: TokenBuild Behavior ::run [ RunTime:0.002723s ]
INFO: WriteHtmlCache Behavior ::run [ RunTime:0.001772s ]
INFO: ShowRuntime Behavior ::run [ RunTime:0.002754s ]
INFO: [ view_filter ] --END-- [ RunTime:0.010728s ]
INFO: [ view_end ] --START--
INFO: ShowPageTrace Behavior ::run [ RunTime:0.002571s ]
INFO: [ view_end ] --END-- [ RunTime:0.002647s ]

[ 2016-07-13T10:56:55+08:00 ] 0.0.0.0 /
INFO: [ app_begin ] --START--
INFO: ReadHtmlCache Behavior ::run [ RunTime:0.001985s ]
INFO: [ app_begin ] --END-- [ RunTime:0.002064s ]
SQL: SHOW COLUMNS FROM `xsser_news` [ RunTime:0.035935s ]
SQL: SELECT * FROM `xsser_news` WHERE ( `type_id` = 1 ) ORDER BY show_level desc,id desc LIMIT 1   [ RunTime:0.037274s ]
SQL: SELECT * FROM `xsser_news` WHERE ( `type_id` = 10 ) ORDER BY show_level desc,id desc LIMIT 1   [ RunTime:0.041751s ]
SQL: SHOW COLUMNS FROM `xsser_conf` [ RunTime:0.035834s ]
SQL: SELECT * FROM `xsser_conf` WHERE (  conf='全局立即购买链接'  ) LIMIT 1   [ RunTime:0.034059s ]
SQL: SELECT * FROM `xsser_conf` WHERE (  conf='全局在线咨询链接'  ) LIMIT 1   [ RunTime:0.034025s ]
SQL: SHOW COLUMNS FROM `xsser_product` [ RunTime:0.037314s ]
SQL: SELECT * FROM `xsser_product` WHERE ( `type_id` = 22 ) ORDER BY  show_level,id desc  LIMIT 1   [ RunTime:0.037253s ]
SQL: SELECT * FROM `xsser_product` WHERE ( `type_id` = 30 ) ORDER BY  show_level,id desc   [ RunTime:0.283030s ]
SQL: SELECT * FROM `xsser_conf` WHERE (  conf='网站标题'  ) LIMIT 1   [ RunTime:0.033732s ]
SQL: SELECT * FROM `xsser_conf` WHERE (  conf='网站关键词'  ) LIMIT 1   [ RunTime:0.035904s ]
SQL: SELECT * FROM `xsser_conf` WHERE (  conf='网站描述'  ) LIMIT 1   [ RunTime:0.033808s ]
SQL: SELECT * FROM `xsser_product` WHERE ( `type_id` = 4 ) ORDER BY  show_level,id desc   [ RunTime:0.036133s ]
SQL: SELECT * FROM `xsser_product` WHERE ( `type_id` = 28 ) ORDER BY  show_level,id desc   [ RunTime:0.037581s ]
SQL: SHOW COLUMNS FROM `xsser_product_type` [ RunTime:0.035214s ]
SQL: SELECT * FROM `xsser_product_type` WHERE ( `type_type` = 5 ) AND ( `type_rank` = 2 ) ORDER BY  show_level,id desc   [ RunTime:0.035771s ]
SQL: SELECT * FROM `xsser_product` WHERE ( `type_id` = 17 ) ORDER BY  show_level,id desc  LIMIT 3   [ RunTime:0.727359s ]
SQL: SELECT * FROM `xsser_product` WHERE ( `type_id` = 18 ) ORDER BY  show_level,id desc  LIMIT 3   [ RunTime:0.109534s ]
SQL: SELECT * FROM `xsser_product` WHERE ( `type_id` = 19 ) ORDER BY  show_level,id desc  LIMIT 3   [ RunTime:0.035199s ]
SQL: SELECT `id` FROM `xsser_product_type` WHERE ( `type_type` = 5 ) ORDER BY  show_level,id desc   [ RunTime:0.034282s ]
SQL: SELECT * FROM `xsser_product` WHERE ( `type_id` IN ('24','25','26','27','23') ) AND ( `active` = 1 ) ORDER BY  show_level,id desc  LIMIT 6   [ RunTime:0.140423s ]
SQL: SELECT * FROM `xsser_product` WHERE ( `type_id` = 9 ) ORDER BY  show_level,id desc  LIMIT 1   [ RunTime:0.035604s ]
SQL: SELECT * FROM `xsser_product` WHERE ( `type_id` = 7 ) ORDER BY  show_level,id desc  LIMIT 10   [ RunTime:0.041468s ]
SQL: SELECT * FROM `xsser_product` WHERE ( `type_id` = 10 ) ORDER BY  show_level,id desc  LIMIT 10   [ RunTime:0.035544s ]
SQL: SELECT * FROM `xsser_product` WHERE ( `type_id` = 11 ) ORDER BY  show_level,id desc  LIMIT 1   [ RunTime:0.037929s ]
SQL: SELECT * FROM `xsser_product` WHERE ( `type_id` = 12 ) ORDER BY  show_level,id desc  LIMIT 0,8   [ RunTime:0.036255s ]
SQL: SELECT * FROM `xsser_product` WHERE ( `type_id` = 13 ) ORDER BY  show_level,id desc  LIMIT 0,8   [ RunTime:0.036042s ]
SQL: SELECT `id` FROM `xsser_product_type` WHERE ( `type_type` = 1 ) ORDER BY  show_level,id desc   [ RunTime:0.034382s ]
SQL: SELECT * FROM `xsser_product` WHERE ( `type_id` IN ('8','7','6') ) AND ( `active` = 1 ) ORDER BY  show_level,id desc  LIMIT 8   [ RunTime:0.036622s ]
SQL: SELECT * FROM `xsser_product` WHERE ( `type_id` = 15 ) ORDER BY  show_level,id desc  LIMIT 1   [ RunTime:0.043031s ]
SQL: SELECT * FROM `xsser_news` WHERE ( `type_id` = 2 ) ORDER BY  show_level,id desc  LIMIT 4   [ RunTime:0.035448s ]
SQL: SELECT `id` FROM `xsser_product_type` WHERE ( `type_type` = 4 ) ORDER BY  show_level,id desc   [ RunTime:0.033601s ]
SQL: SELECT * FROM `xsser_product` WHERE ( `type_id` IN ('17','18','16') ) AND ( `active` = 1 ) ORDER BY  show_level,id desc  LIMIT 3   [ RunTime:0.114055s ]
SQL: SELECT * FROM `xsser_product` WHERE ( `type_id` = 21 ) ORDER BY  show_level,id desc  LIMIT 11   [ RunTime:0.037221s ]
INFO: [ view_parse ] --START--
INFO: ParseTemplate Behavior ::run [ RunTime:0.071647s ]
INFO: [ view_parse ] --END-- [ RunTime:0.072101s ]
INFO: [ view_filter ] --START--
INFO: ContentReplace Behavior ::run [ RunTime:0.002550s ]
INFO: TokenBuild Behavior ::run [ RunTime:0.003402s ]
INFO: WriteHtmlCache Behavior ::run [ RunTime:0.002529s ]
INFO: ShowRuntime Behavior ::run [ RunTime:0.003491s ]
INFO: [ view_filter ] --END-- [ RunTime:0.012302s ]

[ 2016-07-13T10:56:55+08:00 ] 0.0.0.0 /
INFO: [ app_begin ] --START--
INFO: ReadHtmlCache Behavior ::run [ RunTime:0.001923s ]
INFO: [ app_begin ] --END-- [ RunTime:0.001992s ]
SQL: SHOW COLUMNS FROM `xsser_news` [ RunTime:0.030657s ]
SQL: SELECT * FROM `xsser_news` WHERE ( `type_id` = 1 ) ORDER BY show_level desc,id desc LIMIT 1   [ RunTime:0.035083s ]
SQL: SELECT * FROM `xsser_news` WHERE ( `type_id` = 10 ) ORDER BY show_level desc,id desc LIMIT 1   [ RunTime:0.033059s ]
SQL: SHOW COLUMNS FROM `xsser_conf` [ RunTime:0.030601s ]
SQL: SELECT * FROM `xsser_conf` WHERE (  conf='全局立即购买链接'  ) LIMIT 1   [ RunTime:0.029900s ]
SQL: SELECT * FROM `xsser_conf` WHERE (  conf='全局在线咨询链接'  ) LIMIT 1   [ RunTime:0.030223s ]
SQL: SHOW COLUMNS FROM `xsser_product` [ RunTime:0.030645s ]
SQL: SELECT * FROM `xsser_product` WHERE ( `type_id` = 22 ) ORDER BY  show_level,id desc  LIMIT 1   [ RunTime:0.034232s ]
SQL: SELECT * FROM `xsser_product` WHERE ( `type_id` = 30 ) ORDER BY  show_level,id desc   [ RunTime:0.031418s ]
SQL: SELECT * FROM `xsser_conf` WHERE (  conf='网站标题'  ) LIMIT 1   [ RunTime:0.030867s ]
SQL: SELECT * FROM `xsser_conf` WHERE (  conf='网站关键词'  ) LIMIT 1   [ RunTime:0.030038s ]
SQL: SELECT * FROM `xsser_conf` WHERE (  conf='网站描述'  ) LIMIT 1   [ RunTime:0.030752s ]
SQL: SELECT * FROM `xsser_product` WHERE ( `type_id` = 4 ) ORDER BY  show_level,id desc   [ RunTime:0.031158s ]
SQL: SELECT * FROM `xsser_product` WHERE ( `type_id` = 28 ) ORDER BY  show_level,id desc   [ RunTime:0.031240s ]
SQL: SHOW COLUMNS FROM `xsser_product_type` [ RunTime:0.030855s ]
SQL: SELECT * FROM `xsser_product_type` WHERE ( `type_type` = 5 ) AND ( `type_rank` = 2 ) ORDER BY  show_level,id desc   [ RunTime:0.035050s ]
SQL: SELECT * FROM `xsser_product` WHERE ( `type_id` = 17 ) ORDER BY  show_level,id desc  LIMIT 3   [ RunTime:0.125505s ]
SQL: SELECT * FROM `xsser_product` WHERE ( `type_id` = 18 ) ORDER BY  show_level,id desc  LIMIT 3   [ RunTime:0.041698s ]
SQL: SELECT * FROM `xsser_product` WHERE ( `type_id` = 19 ) ORDER BY  show_level,id desc  LIMIT 3   [ RunTime:0.033734s ]
SQL: SELECT `id` FROM `xsser_product_type` WHERE ( `type_type` = 5 ) ORDER BY  show_level,id desc   [ RunTime:0.029770s ]
SQL: SELECT * FROM `xsser_product` WHERE ( `type_id` IN ('24','25','26','27','23') ) AND ( `active` = 1 ) ORDER BY  show_level,id desc  LIMIT 6   [ RunTime:0.066671s ]
SQL: SELECT * FROM `xsser_product` WHERE ( `type_id` = 9 ) ORDER BY  show_level,id desc  LIMIT 1   [ RunTime:0.034212s ]
SQL: SELECT * FROM `xsser_product` WHERE ( `type_id` = 7 ) ORDER BY  show_level,id desc  LIMIT 10   [ RunTime:0.031557s ]
SQL: SELECT * FROM `xsser_product` WHERE ( `type_id` = 10 ) ORDER BY  show_level,id desc  LIMIT 10   [ RunTime:0.031596s ]
SQL: SELECT * FROM `xsser_product` WHERE ( `type_id` = 11 ) ORDER BY  show_level,id desc  LIMIT 1   [ RunTime:0.034279s ]
SQL: SELECT * FROM `xsser_product` WHERE ( `type_id` = 12 ) ORDER BY  show_level,id desc  LIMIT 0,8   [ RunTime:0.032018s ]
SQL: SELECT * FROM `xsser_product` WHERE ( `type_id` = 13 ) ORDER BY  show_level,id desc  LIMIT 0,8   [ RunTime:0.031464s ]
SQL: SELECT `id` FROM `xsser_product_type` WHERE ( `type_type` = 1 ) ORDER BY  show_level,id desc   [ RunTime:0.033610s ]
SQL: SELECT * FROM `xsser_product` WHERE ( `type_id` IN ('8','7','6') ) AND ( `active` = 1 ) ORDER BY  show_level,id desc  LIMIT 8   [ RunTime:0.039066s ]
SQL: SELECT * FROM `xsser_product` WHERE ( `type_id` = 15 ) ORDER BY  show_level,id desc  LIMIT 1   [ RunTime:0.032020s ]
SQL: SELECT * FROM `xsser_news` WHERE ( `type_id` = 2 ) ORDER BY  show_level,id desc  LIMIT 4   [ RunTime:0.033411s ]
SQL: SELECT `id` FROM `xsser_product_type` WHERE ( `type_type` = 4 ) ORDER BY  show_level,id desc   [ RunTime:0.029512s ]
SQL: SELECT * FROM `xsser_product` WHERE ( `type_id` IN ('17','18','16') ) AND ( `active` = 1 ) ORDER BY  show_level,id desc  LIMIT 3   [ RunTime:0.063576s ]
SQL: SELECT * FROM `xsser_product` WHERE ( `type_id` = 21 ) ORDER BY  show_level,id desc  LIMIT 11   [ RunTime:0.035854s ]
INFO: [ view_parse ] --START--
INFO: ParseTemplate Behavior ::run [ RunTime:0.048284s ]
INFO: [ view_parse ] --END-- [ RunTime:0.048474s ]
INFO: [ view_filter ] --START--
INFO: ContentReplace Behavior ::run [ RunTime:0.005972s ]
INFO: TokenBuild Behavior ::run [ RunTime:0.001899s ]
INFO: WriteHtmlCache Behavior ::run [ RunTime:0.001698s ]
INFO: ShowRuntime Behavior ::run [ RunTime:0.002161s ]
INFO: [ view_filter ] --END-- [ RunTime:0.011942s ]
INFO: [ view_end ] --START--
INFO: ShowPageTrace Behavior ::run [ RunTime:0.002474s ]
INFO: [ view_end ] --END-- [ RunTime:0.002541s ]

[ 2016-07-13T10:56:57+08:00 ] 0.0.0.0 /
INFO: [ app_begin ] --START--
INFO: ReadHtmlCache Behavior ::run [ RunTime:0.001832s ]
INFO: [ app_begin ] --END-- [ RunTime:0.001996s ]
SQL: SHOW COLUMNS FROM `xsser_news` [ RunTime:0.034982s ]
SQL: SELECT * FROM `xsser_news` WHERE ( `type_id` = 1 ) ORDER BY show_level desc,id desc LIMIT 1   [ RunTime:0.036413s ]
SQL: SELECT * FROM `xsser_news` WHERE ( `type_id` = 10 ) ORDER BY show_level desc,id desc LIMIT 1   [ RunTime:0.275719s ]
SQL: SHOW COLUMNS FROM `xsser_conf` [ RunTime:0.034249s ]
SQL: SELECT * FROM `xsser_conf` WHERE (  conf='全局立即购买链接'  ) LIMIT 1   [ RunTime:0.036002s ]
SQL: SELECT * FROM `xsser_conf` WHERE (  conf='全局在线咨询链接'  ) LIMIT 1   [ RunTime:0.033817s ]
SQL: SHOW COLUMNS FROM `xsser_product` [ RunTime:0.037124s ]
SQL: SELECT * FROM `xsser_product` WHERE ( `type_id` = 22 ) ORDER BY  show_level,id desc  LIMIT 1   [ RunTime:0.035628s ]
SQL: SELECT * FROM `xsser_product` WHERE ( `type_id` = 30 ) ORDER BY  show_level,id desc   [ RunTime:0.035995s ]
SQL: SELECT * FROM `xsser_conf` WHERE (  conf='网站标题'  ) LIMIT 1   [ RunTime:0.033546s ]
SQL: SELECT * FROM `xsser_conf` WHERE (  conf='网站关键词'  ) LIMIT 1   [ RunTime:0.033841s ]
SQL: SELECT * FROM `xsser_conf` WHERE (  conf='网站描述'  ) LIMIT 1   [ RunTime:0.033665s ]
SQL: SELECT * FROM `xsser_product` WHERE ( `type_id` = 4 ) ORDER BY  show_level,id desc   [ RunTime:0.034872s ]
SQL: SELECT * FROM `xsser_product` WHERE ( `type_id` = 28 ) ORDER BY  show_level,id desc   [ RunTime:0.035466s ]
SQL: SHOW COLUMNS FROM `xsser_product_type` [ RunTime:0.034743s ]
SQL: SELECT * FROM `xsser_product_type` WHERE ( `type_type` = 5 ) AND ( `type_rank` = 2 ) ORDER BY  show_level,id desc   [ RunTime:0.037194s ]
SQL: SELECT * FROM `xsser_product` WHERE ( `type_id` = 17 ) ORDER BY  show_level,id desc  LIMIT 3   [ RunTime:0.211806s ]
SQL: SELECT * FROM `xsser_product` WHERE ( `type_id` = 18 ) ORDER BY  show_level,id desc  LIMIT 3   [ RunTime:0.073570s ]
SQL: SELECT * FROM `xsser_product` WHERE ( `type_id` = 19 ) ORDER BY  show_level,id desc  LIMIT 3   [ RunTime:0.036096s ]
SQL: SELECT `id` FROM `xsser_product_type` WHERE ( `type_type` = 5 ) ORDER BY  show_level,id desc   [ RunTime:0.033487s ]
SQL: SELECT * FROM `xsser_product` WHERE ( `type_id` IN ('24','25','26','27','23') ) AND ( `active` = 1 ) ORDER BY  show_level,id desc  LIMIT 6   [ RunTime:0.145622s ]
SQL: SELECT * FROM `xsser_product` WHERE ( `type_id` = 9 ) ORDER BY  show_level,id desc  LIMIT 1   [ RunTime:0.035364s ]
SQL: SELECT * FROM `xsser_product` WHERE ( `type_id` = 7 ) ORDER BY  show_level,id desc  LIMIT 10   [ RunTime:0.035544s ]
SQL: SELECT * FROM `xsser_product` WHERE ( `type_id` = 10 ) ORDER BY  show_level,id desc  LIMIT 10   [ RunTime:0.035803s ]
SQL: SELECT * FROM `xsser_product` WHERE ( `type_id` = 11 ) ORDER BY  show_level,id desc  LIMIT 1   [ RunTime:0.036645s ]
SQL: SELECT * FROM `xsser_product` WHERE ( `type_id` = 12 ) ORDER BY  show_level,id desc  LIMIT 0,8   [ RunTime:0.037944s ]
SQL: SELECT * FROM `xsser_product` WHERE ( `type_id` = 13 ) ORDER BY  show_level,id desc  LIMIT 0,8   [ RunTime:0.035628s ]
SQL: SELECT `id` FROM `xsser_product_type` WHERE ( `type_type` = 1 ) ORDER BY  show_level,id desc   [ RunTime:0.033411s ]
SQL: SELECT * FROM `xsser_product` WHERE ( `type_id` IN ('8','7','6') ) AND ( `active` = 1 ) ORDER BY  show_level,id desc  LIMIT 8   [ RunTime:0.036651s ]
SQL: SELECT * FROM `xsser_product` WHERE ( `type_id` = 15 ) ORDER BY  show_level,id desc  LIMIT 1   [ RunTime:0.035910s ]
SQL: SELECT * FROM `xsser_news` WHERE ( `type_id` = 2 ) ORDER BY  show_level,id desc  LIMIT 4   [ RunTime:0.037137s ]
SQL: SELECT `id` FROM `xsser_product_type` WHERE ( `type_type` = 4 ) ORDER BY  show_level,id desc   [ RunTime:0.033501s ]
SQL: SELECT * FROM `xsser_product` WHERE ( `type_id` IN ('17','18','16') ) AND ( `active` = 1 ) ORDER BY  show_level,id desc  LIMIT 3   [ RunTime:0.121842s ]
SQL: SELECT * FROM `xsser_product` WHERE ( `type_id` = 21 ) ORDER BY  show_level,id desc  LIMIT 11   [ RunTime:0.037283s ]
INFO: [ view_parse ] --START--
INFO: ParseTemplate Behavior ::run [ RunTime:0.036343s ]
INFO: [ view_parse ] --END-- [ RunTime:0.036481s ]
INFO: [ view_filter ] --START--
INFO: ContentReplace Behavior ::run [ RunTime:0.002059s ]
INFO: TokenBuild Behavior ::run [ RunTime:0.000639s ]
INFO: WriteHtmlCache Behavior ::run [ RunTime:0.000446s ]
INFO: ShowRuntime Behavior ::run [ RunTime:0.000675s ]
INFO: [ view_filter ] --END-- [ RunTime:0.003996s ]

[ 2016-07-13T10:56:59+08:00 ] 0.0.0.0 /
INFO: [ app_begin ] --START--
INFO: ReadHtmlCache Behavior ::run [ RunTime:0.001958s ]
INFO: [ app_begin ] --END-- [ RunTime:0.002029s ]
SQL: SHOW COLUMNS FROM `xsser_news` [ RunTime:0.035226s ]
SQL: SELECT * FROM `xsser_news` WHERE ( `type_id` = 1 ) ORDER BY show_level desc,id desc LIMIT 1   [ RunTime:0.036365s ]
SQL: SELECT * FROM `xsser_news` WHERE ( `type_id` = 10 ) ORDER BY show_level desc,id desc LIMIT 1   [ RunTime:0.036782s ]
SQL: SHOW COLUMNS FROM `xsser_conf` [ RunTime:0.034773s ]
SQL: SELECT * FROM `xsser_conf` WHERE (  conf='全局立即购买链接'  ) LIMIT 1   [ RunTime:0.034542s ]
SQL: SELECT * FROM `xsser_conf` WHERE (  conf='全局在线咨询链接'  ) LIMIT 1   [ RunTime:0.034985s ]
SQL: SHOW COLUMNS FROM `xsser_product` [ RunTime:0.035297s ]
SQL: SELECT * FROM `xsser_product` WHERE ( `type_id` = 22 ) ORDER BY  show_level,id desc  LIMIT 1   [ RunTime:0.041851s ]
SQL: SELECT * FROM `xsser_product` WHERE ( `type_id` = 30 ) ORDER BY  show_level,id desc   [ RunTime:0.036901s ]
SQL: SELECT * FROM `xsser_conf` WHERE (  conf='网站标题'  ) LIMIT 1   [ RunTime:0.033362s ]
SQL: SELECT * FROM `xsser_conf` WHERE (  conf='网站关键词'  ) LIMIT 1   [ RunTime:0.034072s ]
SQL: SELECT * FROM `xsser_conf` WHERE (  conf='网站描述'  ) LIMIT 1   [ RunTime:0.034518s ]
SQL: SELECT * FROM `xsser_product` WHERE ( `type_id` = 4 ) ORDER BY  show_level,id desc   [ RunTime:0.035777s ]
SQL: SELECT * FROM `xsser_product` WHERE ( `type_id` = 28 ) ORDER BY  show_level,id desc   [ RunTime:0.035819s ]
SQL: SHOW COLUMNS FROM `xsser_product_type` [ RunTime:0.037322s ]
SQL: SELECT * FROM `xsser_product_type` WHERE ( `type_type` = 5 ) AND ( `type_rank` = 2 ) ORDER BY  show_level,id desc   [ RunTime:0.036076s ]
SQL: SELECT * FROM `xsser_product` WHERE ( `type_id` = 17 ) ORDER BY  show_level,id desc  LIMIT 3   [ RunTime:0.152907s ]
SQL: SELECT * FROM `xsser_product` WHERE ( `type_id` = 18 ) ORDER BY  show_level,id desc  LIMIT 3   [ RunTime:0.048035s ]
SQL: SELECT * FROM `xsser_product` WHERE ( `type_id` = 19 ) ORDER BY  show_level,id desc  LIMIT 3   [ RunTime:0.035955s ]
SQL: SELECT `id` FROM `xsser_product_type` WHERE ( `type_type` = 5 ) ORDER BY  show_level,id desc   [ RunTime:0.036393s ]
SQL: SELECT * FROM `xsser_product` WHERE ( `type_id` IN ('24','25','26','27','23') ) AND ( `active` = 1 ) ORDER BY  show_level,id desc  LIMIT 6   [ RunTime:0.574227s ]
SQL: SELECT * FROM `xsser_product` WHERE ( `type_id` = 9 ) ORDER BY  show_level,id desc  LIMIT 1   [ RunTime:0.037425s ]
SQL: SELECT * FROM `xsser_product` WHERE ( `type_id` = 7 ) ORDER BY  show_level,id desc  LIMIT 10   [ RunTime:0.037140s ]
SQL: SELECT * FROM `xsser_product` WHERE ( `type_id` = 10 ) ORDER BY  show_level,id desc  LIMIT 10   [ RunTime:0.047018s ]
SQL: SELECT * FROM `xsser_product` WHERE ( `type_id` = 11 ) ORDER BY  show_level,id desc  LIMIT 1   [ RunTime:0.042851s ]
SQL: SELECT * FROM `xsser_product` WHERE ( `type_id` = 12 ) ORDER BY  show_level,id desc  LIMIT 0,8   [ RunTime:0.036241s ]
SQL: SELECT * FROM `xsser_product` WHERE ( `type_id` = 13 ) ORDER BY  show_level,id desc  LIMIT 0,8   [ RunTime:0.035691s ]
SQL: SELECT `id` FROM `xsser_product_type` WHERE ( `type_type` = 1 ) ORDER BY  show_level,id desc   [ RunTime:0.034021s ]
SQL: SELECT * FROM `xsser_product` WHERE ( `type_id` IN ('8','7','6') ) AND ( `active` = 1 ) ORDER BY  show_level,id desc  LIMIT 8   [ RunTime:0.036156s ]
SQL: SELECT * FROM `xsser_product` WHERE ( `type_id` = 15 ) ORDER BY  show_level,id desc  LIMIT 1   [ RunTime:0.037961s ]
SQL: SELECT * FROM `xsser_news` WHERE ( `type_id` = 2 ) ORDER BY  show_level,id desc  LIMIT 4   [ RunTime:0.035744s ]
SQL: SELECT `id` FROM `xsser_product_type` WHERE ( `type_type` = 4 ) ORDER BY  show_level,id desc   [ RunTime:0.034565s ]
SQL: SELECT * FROM `xsser_product` WHERE ( `type_id` IN ('17','18','16') ) AND ( `active` = 1 ) ORDER BY  show_level,id desc  LIMIT 3   [ RunTime:0.079634s ]
SQL: SELECT * FROM `xsser_product` WHERE ( `type_id` = 21 ) ORDER BY  show_level,id desc  LIMIT 11   [ RunTime:0.036830s ]
INFO: [ view_parse ] --START--
INFO: ParseTemplate Behavior ::run [ RunTime:0.038987s ]
INFO: [ view_parse ] --END-- [ RunTime:0.039078s ]
INFO: [ view_filter ] --START--
INFO: ContentReplace Behavior ::run [ RunTime:0.001987s ]
INFO: TokenBuild Behavior ::run [ RunTime:0.001824s ]
INFO: WriteHtmlCache Behavior ::run [ RunTime:0.001683s ]
INFO: ShowRuntime Behavior ::run [ RunTime:0.002229s ]
INFO: [ view_filter ] --END-- [ RunTime:0.007874s ]
INFO: [ view_end ] --START--
INFO: ShowPageTrace Behavior ::run [ RunTime:0.002382s ]
INFO: [ view_end ] --END-- [ RunTime:0.002453s ]

[ 2016-07-13T10:57:02+08:00 ] 0.0.0.0 /
INFO: [ app_begin ] --START--
INFO: ReadHtmlCache Behavior ::run [ RunTime:0.000795s ]
INFO: [ app_begin ] --END-- [ RunTime:0.000883s ]
SQL: SHOW COLUMNS FROM `xsser_news` [ RunTime:0.030781s ]
SQL: SELECT * FROM `xsser_news` WHERE ( `type_id` = 1 ) ORDER BY show_level desc,id desc LIMIT 1   [ RunTime:0.030903s ]
SQL: SELECT * FROM `xsser_news` WHERE ( `type_id` = 10 ) ORDER BY show_level desc,id desc LIMIT 1   [ RunTime:0.029994s ]
SQL: SHOW COLUMNS FROM `xsser_conf` [ RunTime:0.036879s ]
SQL: SELECT * FROM `xsser_conf` WHERE (  conf='全局立即购买链接'  ) LIMIT 1   [ RunTime:0.035523s ]
SQL: SELECT * FROM `xsser_conf` WHERE (  conf='全局在线咨询链接'  ) LIMIT 1   [ RunTime:0.029256s ]
SQL: SHOW COLUMNS FROM `xsser_product` [ RunTime:0.030390s ]
SQL: SELECT * FROM `xsser_product` WHERE ( `type_id` = 22 ) ORDER BY  show_level,id desc  LIMIT 1   [ RunTime:0.035336s ]
SQL: SELECT * FROM `xsser_product` WHERE ( `type_id` = 30 ) ORDER BY  show_level,id desc   [ RunTime:0.032219s ]
SQL: SELECT * FROM `xsser_conf` WHERE (  conf='网站标题'  ) LIMIT 1   [ RunTime:0.030142s ]
SQL: SELECT * FROM `xsser_conf` WHERE (  conf='网站关键词'  ) LIMIT 1   [ RunTime:0.029514s ]
SQL: SELECT * FROM `xsser_conf` WHERE (  conf='网站描述'  ) LIMIT 1   [ RunTime:0.030788s ]
SQL: SELECT * FROM `xsser_product` WHERE ( `type_id` = 4 ) ORDER BY  show_level,id desc   [ RunTime:0.031850s ]
SQL: SELECT * FROM `xsser_product` WHERE ( `type_id` = 28 ) ORDER BY  show_level,id desc   [ RunTime:0.031085s ]
SQL: SHOW COLUMNS FROM `xsser_product_type` [ RunTime:0.030879s ]
SQL: SELECT * FROM `xsser_product_type` WHERE ( `type_type` = 5 ) AND ( `type_rank` = 2 ) ORDER BY  show_level,id desc   [ RunTime:0.030871s ]
SQL: SELECT * FROM `xsser_product` WHERE ( `type_id` = 17 ) ORDER BY  show_level,id desc  LIMIT 3   [ RunTime:0.131538s ]
SQL: SELECT * FROM `xsser_product` WHERE ( `type_id` = 18 ) ORDER BY  show_level,id desc  LIMIT 3   [ RunTime:0.043064s ]
SQL: SELECT * FROM `xsser_product` WHERE ( `type_id` = 19 ) ORDER BY  show_level,id desc  LIMIT 3   [ RunTime:0.033248s ]
SQL: SELECT `id` FROM `xsser_product_type` WHERE ( `type_type` = 5 ) ORDER BY  show_level,id desc   [ RunTime:0.028856s ]
SQL: SELECT * FROM `xsser_product` WHERE ( `type_id` IN ('24','25','26','27','23') ) AND ( `active` = 1 ) ORDER BY  show_level,id desc  LIMIT 6   [ RunTime:0.065192s ]
SQL: SELECT * FROM `xsser_product` WHERE ( `type_id` = 9 ) ORDER BY  show_level,id desc  LIMIT 1   [ RunTime:0.031931s ]
SQL: SELECT * FROM `xsser_product` WHERE ( `type_id` = 7 ) ORDER BY  show_level,id desc  LIMIT 10   [ RunTime:0.031342s ]
SQL: SELECT * FROM `xsser_product` WHERE ( `type_id` = 10 ) ORDER BY  show_level,id desc  LIMIT 10   [ RunTime:0.030597s ]
SQL: SELECT * FROM `xsser_product` WHERE ( `type_id` = 11 ) ORDER BY  show_level,id desc  LIMIT 1   [ RunTime:0.030785s ]
SQL: SELECT * FROM `xsser_product` WHERE ( `type_id` = 12 ) ORDER BY  show_level,id desc  LIMIT 0,8   [ RunTime:0.033178s ]
SQL: SELECT * FROM `xsser_product` WHERE ( `type_id` = 13 ) ORDER BY  show_level,id desc  LIMIT 0,8   [ RunTime:0.036482s ]
SQL: SELECT `id` FROM `xsser_product_type` WHERE ( `type_type` = 1 ) ORDER BY  show_level,id desc   [ RunTime:0.029169s ]
SQL: SELECT * FROM `xsser_product` WHERE ( `type_id` IN ('8','7','6') ) AND ( `active` = 1 ) ORDER BY  show_level,id desc  LIMIT 8   [ RunTime:0.035686s ]
SQL: SELECT * FROM `xsser_product` WHERE ( `type_id` = 15 ) ORDER BY  show_level,id desc  LIMIT 1   [ RunTime:0.033901s ]
SQL: SELECT * FROM `xsser_news` WHERE ( `type_id` = 2 ) ORDER BY  show_level,id desc  LIMIT 4   [ RunTime:0.430224s ]
SQL: SELECT `id` FROM `xsser_product_type` WHERE ( `type_type` = 4 ) ORDER BY  show_level,id desc   [ RunTime:0.035149s ]
SQL: SELECT * FROM `xsser_product` WHERE ( `type_id` IN ('17','18','16') ) AND ( `active` = 1 ) ORDER BY  show_level,id desc  LIMIT 3   [ RunTime:0.293140s ]
SQL: SELECT * FROM `xsser_product` WHERE ( `type_id` = 21 ) ORDER BY  show_level,id desc  LIMIT 11   [ RunTime:0.033440s ]
INFO: [ view_parse ] --START--
INFO: ParseTemplate Behavior ::run [ RunTime:0.026588s ]
INFO: [ view_parse ] --END-- [ RunTime:0.026661s ]
INFO: [ view_filter ] --START--
INFO: ContentReplace Behavior ::run [ RunTime:0.000706s ]
INFO: TokenBuild Behavior ::run [ RunTime:0.000528s ]
INFO: WriteHtmlCache Behavior ::run [ RunTime:0.000399s ]
INFO: ShowRuntime Behavior ::run [ RunTime:0.000582s ]
INFO: [ view_filter ] --END-- [ RunTime:0.002356s ]
INFO: [ view_end ] --START--
INFO: ShowPageTrace Behavior ::run [ RunTime:0.000813s ]
INFO: [ view_end ] --END-- [ RunTime:0.000874s ]

[ 2016-07-13T10:58:20+08:00 ] 0.0.0.0 /index/about/type_id/7.html
INFO: [ route_check ] --START--
INFO: CheckRoute Behavior ::run [ RunTime:0.030704s ]
INFO: [ route_check ] --END-- [ RunTime:0.030792s ]
INFO: [ app_begin ] --START--
INFO: ReadHtmlCache Behavior ::run [ RunTime:0.001969s ]
INFO: [ app_begin ] --END-- [ RunTime:0.002026s ]
SQL: SHOW COLUMNS FROM `xsser_news` [ RunTime:0.034649s ]
SQL: SELECT * FROM `xsser_news` WHERE ( `type_id` = 1 ) ORDER BY show_level desc,id desc LIMIT 1   [ RunTime:0.035406s ]
SQL: SELECT * FROM `xsser_news` WHERE ( `type_id` = 10 ) ORDER BY show_level desc,id desc LIMIT 1   [ RunTime:0.111916s ]
SQL: SHOW COLUMNS FROM `xsser_conf` [ RunTime:0.063433s ]
SQL: SELECT * FROM `xsser_conf` WHERE (  conf='全局立即购买链接'  ) LIMIT 1   [ RunTime:0.088352s ]
SQL: SELECT * FROM `xsser_conf` WHERE (  conf='全局在线咨询链接'  ) LIMIT 1   [ RunTime:0.160050s ]
SQL: SHOW COLUMNS FROM `xsser_product` [ RunTime:0.112741s ]
SQL: SELECT * FROM `xsser_product` WHERE ( `type_id` = 22 ) ORDER BY  show_level,id desc  LIMIT 1   [ RunTime:0.100698s ]
SQL: SELECT * FROM `xsser_product` WHERE ( `type_id` = 30 ) ORDER BY  show_level,id desc   [ RunTime:0.105182s ]
SQL: SHOW COLUMNS FROM `xsser_news_type` [ RunTime:0.036829s ]
SQL: SELECT * FROM `xsser_news_type` WHERE ( `id` = 7 ) LIMIT 1   [ RunTime:0.035273s ]
SQL: SELECT * FROM `xsser_news` WHERE ( `type_id` = 7 ) LIMIT 1   [ RunTime:0.036893s ]
INFO: [ view_parse ] --START--
INFO: ParseTemplate Behavior ::run [ RunTime:0.029061s ]
INFO: [ view_parse ] --END-- [ RunTime:0.029136s ]
INFO: [ view_filter ] --START--
INFO: ContentReplace Behavior ::run [ RunTime:0.002437s ]
INFO: TokenBuild Behavior ::run [ RunTime:0.001825s ]
INFO: WriteHtmlCache Behavior ::run [ RunTime:0.001699s ]
INFO: ShowRuntime Behavior ::run [ RunTime:0.001858s ]
INFO: [ view_filter ] --END-- [ RunTime:0.007969s ]
INFO: [ view_end ] --START--
INFO: ShowPageTrace Behavior ::run [ RunTime:0.002383s ]
INFO: [ view_end ] --END-- [ RunTime:0.002458s ]

[ 2016-07-13T10:58:28+08:00 ] 0.0.0.0 /index/about/type_id/4.html
INFO: [ route_check ] --START--
INFO: CheckRoute Behavior ::run [ RunTime:0.002576s ]
INFO: [ route_check ] --END-- [ RunTime:0.002655s ]
INFO: [ app_begin ] --START--
INFO: ReadHtmlCache Behavior ::run [ RunTime:0.001946s ]
INFO: [ app_begin ] --END-- [ RunTime:0.002003s ]
SQL: SHOW COLUMNS FROM `xsser_news` [ RunTime:0.430057s ]
SQL: SELECT * FROM `xsser_news` WHERE ( `type_id` = 1 ) ORDER BY show_level desc,id desc LIMIT 1   [ RunTime:0.032744s ]
SQL: SELECT * FROM `xsser_news` WHERE ( `type_id` = 10 ) ORDER BY show_level desc,id desc LIMIT 1   [ RunTime:0.031939s ]
SQL: SHOW COLUMNS FROM `xsser_conf` [ RunTime:0.029645s ]
SQL: SELECT * FROM `xsser_conf` WHERE (  conf='全局立即购买链接'  ) LIMIT 1   [ RunTime:0.029535s ]
SQL: SELECT * FROM `xsser_conf` WHERE (  conf='全局在线咨询链接'  ) LIMIT 1   [ RunTime:0.030341s ]
SQL: SHOW COLUMNS FROM `xsser_product` [ RunTime:0.032051s ]
SQL: SELECT * FROM `xsser_product` WHERE ( `type_id` = 22 ) ORDER BY  show_level,id desc  LIMIT 1   [ RunTime:0.033326s ]
SQL: SELECT * FROM `xsser_product` WHERE ( `type_id` = 30 ) ORDER BY  show_level,id desc   [ RunTime:0.031239s ]
SQL: SHOW COLUMNS FROM `xsser_news_type` [ RunTime:0.031111s ]
SQL: SELECT * FROM `xsser_news_type` WHERE ( `id` = 4 ) LIMIT 1   [ RunTime:0.032043s ]
SQL: SELECT * FROM `xsser_news` WHERE ( `type_id` = 4 ) LIMIT 1   [ RunTime:0.032236s ]
INFO: [ view_parse ] --START--
INFO: ParseTemplate Behavior ::run [ RunTime:0.029824s ]
INFO: [ view_parse ] --END-- [ RunTime:0.029894s ]
INFO: [ view_filter ] --START--
INFO: ContentReplace Behavior ::run [ RunTime:0.001937s ]
INFO: TokenBuild Behavior ::run [ RunTime:0.001798s ]
INFO: WriteHtmlCache Behavior ::run [ RunTime:0.001688s ]
INFO: ShowRuntime Behavior ::run [ RunTime:0.001941s ]
INFO: [ view_filter ] --END-- [ RunTime:0.007514s ]

[ 2016-07-13T10:58:28+08:00 ] 0.0.0.0 /index/about/type_id/4.html
INFO: [ route_check ] --START--
INFO: CheckRoute Behavior ::run [ RunTime:0.004375s ]
INFO: [ route_check ] --END-- [ RunTime:0.004614s ]
INFO: [ app_begin ] --START--
INFO: ReadHtmlCache Behavior ::run [ RunTime:0.000838s ]
INFO: [ app_begin ] --END-- [ RunTime:0.000933s ]
SQL: SHOW COLUMNS FROM `xsser_news` [ RunTime:0.032666s ]
SQL: SELECT * FROM `xsser_news` WHERE ( `type_id` = 1 ) ORDER BY show_level desc,id desc LIMIT 1   [ RunTime:0.031517s ]
SQL: SELECT * FROM `xsser_news` WHERE ( `type_id` = 10 ) ORDER BY show_level desc,id desc LIMIT 1   [ RunTime:0.031462s ]
SQL: SHOW COLUMNS FROM `xsser_conf` [ RunTime:0.029889s ]
SQL: SELECT * FROM `xsser_conf` WHERE (  conf='全局立即购买链接'  ) LIMIT 1   [ RunTime:0.029539s ]
SQL: SELECT * FROM `xsser_conf` WHERE (  conf='全局在线咨询链接'  ) LIMIT 1   [ RunTime:0.031235s ]
SQL: SHOW COLUMNS FROM `xsser_product` [ RunTime:0.030340s ]
SQL: SELECT * FROM `xsser_product` WHERE ( `type_id` = 22 ) ORDER BY  show_level,id desc  LIMIT 1   [ RunTime:0.033129s ]
SQL: SELECT * FROM `xsser_product` WHERE ( `type_id` = 30 ) ORDER BY  show_level,id desc   [ RunTime:0.031933s ]
SQL: SHOW COLUMNS FROM `xsser_news_type` [ RunTime:0.029976s ]
SQL: SELECT * FROM `xsser_news_type` WHERE ( `id` = 4 ) LIMIT 1   [ RunTime:0.030102s ]
SQL: SELECT * FROM `xsser_news` WHERE ( `type_id` = 4 ) LIMIT 1   [ RunTime:0.033403s ]
INFO: [ view_parse ] --START--
INFO: ParseTemplate Behavior ::run [ RunTime:0.017828s ]
INFO: [ view_parse ] --END-- [ RunTime:0.017907s ]
INFO: [ view_filter ] --START--
INFO: ContentReplace Behavior ::run [ RunTime:0.000714s ]
INFO: TokenBuild Behavior ::run [ RunTime:0.000525s ]
INFO: WriteHtmlCache Behavior ::run [ RunTime:0.000406s ]
INFO: ShowRuntime Behavior ::run [ RunTime:0.000597s ]
INFO: [ view_filter ] --END-- [ RunTime:0.002394s ]
INFO: [ view_end ] --START--
INFO: ShowPageTrace Behavior ::run [ RunTime:0.002228s ]
INFO: [ view_end ] --END-- [ RunTime:0.002292s ]

[ 2016-07-13T10:58:32+08:00 ] 0.0.0.0 /index/index.html
INFO: [ route_check ] --START--
INFO: CheckRoute Behavior ::run [ RunTime:0.000919s ]
INFO: [ route_check ] --END-- [ RunTime:0.000992s ]
INFO: [ app_begin ] --START--
INFO: ReadHtmlCache Behavior ::run [ RunTime:0.000659s ]
INFO: [ app_begin ] --END-- [ RunTime:0.000708s ]
SQL: SHOW COLUMNS FROM `xsser_news` [ RunTime:0.031071s ]
SQL: SELECT * FROM `xsser_news` WHERE ( `type_id` = 1 ) ORDER BY show_level desc,id desc LIMIT 1   [ RunTime:0.031436s ]
SQL: SELECT * FROM `xsser_news` WHERE ( `type_id` = 10 ) ORDER BY show_level desc,id desc LIMIT 1   [ RunTime:0.031420s ]
SQL: SHOW COLUMNS FROM `xsser_conf` [ RunTime:0.032785s ]
SQL: SELECT * FROM `xsser_conf` WHERE (  conf='全局立即购买链接'  ) LIMIT 1   [ RunTime:0.029788s ]
SQL: SELECT * FROM `xsser_conf` WHERE (  conf='全局在线咨询链接'  ) LIMIT 1   [ RunTime:0.029796s ]
SQL: SHOW COLUMNS FROM `xsser_product` [ RunTime:0.293586s ]
SQL: SELECT * FROM `xsser_product` WHERE ( `type_id` = 22 ) ORDER BY  show_level,id desc  LIMIT 1   [ RunTime:0.061359s ]
SQL: SELECT * FROM `xsser_product` WHERE ( `type_id` = 30 ) ORDER BY  show_level,id desc   [ RunTime:0.031450s ]
SQL: SELECT * FROM `xsser_conf` WHERE (  conf='网站标题'  ) LIMIT 1   [ RunTime:0.030159s ]
SQL: SELECT * FROM `xsser_conf` WHERE (  conf='网站关键词'  ) LIMIT 1   [ RunTime:0.029706s ]
SQL: SELECT * FROM `xsser_conf` WHERE (  conf='网站描述'  ) LIMIT 1   [ RunTime:0.030028s ]
SQL: SELECT * FROM `xsser_product` WHERE ( `type_id` = 4 ) ORDER BY  show_level,id desc   [ RunTime:0.031455s ]
SQL: SELECT * FROM `xsser_product` WHERE ( `type_id` = 28 ) ORDER BY  show_level,id desc   [ RunTime:0.031820s ]
SQL: SHOW COLUMNS FROM `xsser_product_type` [ RunTime:0.030518s ]
SQL: SELECT * FROM `xsser_product_type` WHERE ( `type_type` = 5 ) AND ( `type_rank` = 2 ) ORDER BY  show_level,id desc   [ RunTime:0.032112s ]
SQL: SELECT * FROM `xsser_product` WHERE ( `type_id` = 17 ) ORDER BY  show_level,id desc  LIMIT 3   [ RunTime:0.354495s ]
SQL: SELECT * FROM `xsser_product` WHERE ( `type_id` = 18 ) ORDER BY  show_level,id desc  LIMIT 3   [ RunTime:0.097599s ]
SQL: SELECT * FROM `xsser_product` WHERE ( `type_id` = 19 ) ORDER BY  show_level,id desc  LIMIT 3   [ RunTime:0.033741s ]
SQL: SELECT `id` FROM `xsser_product_type` WHERE ( `type_type` = 5 ) ORDER BY  show_level,id desc   [ RunTime:0.033942s ]
SQL: SELECT * FROM `xsser_product` WHERE ( `type_id` IN ('24','25','26','27','23') ) AND ( `active` = 1 ) ORDER BY  show_level,id desc  LIMIT 6   [ RunTime:0.130689s ]
SQL: SELECT * FROM `xsser_product` WHERE ( `type_id` = 9 ) ORDER BY  show_level,id desc  LIMIT 1   [ RunTime:0.032454s ]
SQL: SELECT * FROM `xsser_product` WHERE ( `type_id` = 7 ) ORDER BY  show_level,id desc  LIMIT 10   [ RunTime:0.031147s ]
SQL: SELECT * FROM `xsser_product` WHERE ( `type_id` = 10 ) ORDER BY  show_level,id desc  LIMIT 10   [ RunTime:0.031795s ]
SQL: SELECT * FROM `xsser_product` WHERE ( `type_id` = 11 ) ORDER BY  show_level,id desc  LIMIT 1   [ RunTime:0.037476s ]
SQL: SELECT * FROM `xsser_product` WHERE ( `type_id` = 12 ) ORDER BY  show_level,id desc  LIMIT 0,8   [ RunTime:0.031572s ]
SQL: SELECT * FROM `xsser_product` WHERE ( `type_id` = 13 ) ORDER BY  show_level,id desc  LIMIT 0,8   [ RunTime:0.031065s ]
SQL: SELECT `id` FROM `xsser_product_type` WHERE ( `type_type` = 1 ) ORDER BY  show_level,id desc   [ RunTime:0.265433s ]
SQL: SELECT * FROM `xsser_product` WHERE ( `type_id` IN ('8','7','6') ) AND ( `active` = 1 ) ORDER BY  show_level,id desc  LIMIT 8   [ RunTime:0.107120s ]
SQL: SELECT * FROM `xsser_product` WHERE ( `type_id` = 15 ) ORDER BY  show_level,id desc  LIMIT 1   [ RunTime:0.064869s ]
SQL: SELECT * FROM `xsser_news` WHERE ( `type_id` = 2 ) ORDER BY  show_level,id desc  LIMIT 4   [ RunTime:0.051231s ]
SQL: SELECT `id` FROM `xsser_product_type` WHERE ( `type_type` = 4 ) ORDER BY  show_level,id desc   [ RunTime:0.056539s ]
SQL: SELECT * FROM `xsser_product` WHERE ( `type_id` IN ('17','18','16') ) AND ( `active` = 1 ) ORDER BY  show_level,id desc  LIMIT 3   [ RunTime:0.458838s ]
SQL: SELECT * FROM `xsser_product` WHERE ( `type_id` = 21 ) ORDER BY  show_level,id desc  LIMIT 11   [ RunTime:0.146503s ]
INFO: [ view_parse ] --START--
INFO: ParseTemplate Behavior ::run [ RunTime:0.026401s ]
INFO: [ view_parse ] --END-- [ RunTime:0.026470s ]
INFO: [ view_filter ] --START--
INFO: ContentReplace Behavior ::run [ RunTime:0.000660s ]
INFO: TokenBuild Behavior ::run [ RunTime:0.000534s ]
INFO: WriteHtmlCache Behavior ::run [ RunTime:0.000397s ]
INFO: ShowRuntime Behavior ::run [ RunTime:0.000573s ]
INFO: [ view_filter ] --END-- [ RunTime:0.002301s ]
INFO: [ view_end ] --START--
INFO: ShowPageTrace Behavior ::run [ RunTime:0.000802s ]
INFO: [ view_end ] --END-- [ RunTime:0.000869s ]

[ 2016-07-13T10:58:37+08:00 ] 0.0.0.0 /index/about/type_id/7.html
INFO: [ route_check ] --START--
INFO: CheckRoute Behavior ::run [ RunTime:0.000966s ]
INFO: [ route_check ] --END-- [ RunTime:0.001046s ]
INFO: [ app_begin ] --START--
INFO: ReadHtmlCache Behavior ::run [ RunTime:0.000721s ]
INFO: [ app_begin ] --END-- [ RunTime:0.000775s ]
SQL: SHOW COLUMNS FROM `xsser_news` [ RunTime:0.030190s ]
SQL: SELECT * FROM `xsser_news` WHERE ( `type_id` = 1 ) ORDER BY show_level desc,id desc LIMIT 1   [ RunTime:0.030966s ]
SQL: SELECT * FROM `xsser_news` WHERE ( `type_id` = 10 ) ORDER BY show_level desc,id desc LIMIT 1   [ RunTime:0.031264s ]
SQL: SHOW COLUMNS FROM `xsser_conf` [ RunTime:0.030194s ]
SQL: SELECT * FROM `xsser_conf` WHERE (  conf='全局立即购买链接'  ) LIMIT 1   [ RunTime:0.029211s ]
SQL: SELECT * FROM `xsser_conf` WHERE (  conf='全局在线咨询链接'  ) LIMIT 1   [ RunTime:0.030310s ]
SQL: SHOW COLUMNS FROM `xsser_product` [ RunTime:0.031829s ]
SQL: SELECT * FROM `xsser_product` WHERE ( `type_id` = 22 ) ORDER BY  show_level,id desc  LIMIT 1   [ RunTime:0.031386s ]
SQL: SELECT * FROM `xsser_product` WHERE ( `type_id` = 30 ) ORDER BY  show_level,id desc   [ RunTime:0.030667s ]
SQL: SHOW COLUMNS FROM `xsser_news_type` [ RunTime:0.030693s ]
SQL: SELECT * FROM `xsser_news_type` WHERE ( `id` = 7 ) LIMIT 1   [ RunTime:0.030063s ]
SQL: SELECT * FROM `xsser_news` WHERE ( `type_id` = 7 ) LIMIT 1   [ RunTime:0.034968s ]
INFO: [ view_parse ] --START--
INFO: ParseTemplate Behavior ::run [ RunTime:0.021286s ]
INFO: [ view_parse ] --END-- [ RunTime:0.021370s ]
INFO: [ view_filter ] --START--
INFO: ContentReplace Behavior ::run [ RunTime:0.000941s ]
INFO: TokenBuild Behavior ::run [ RunTime:0.000609s ]
INFO: WriteHtmlCache Behavior ::run [ RunTime:0.000524s ]
INFO: ShowRuntime Behavior ::run [ RunTime:0.000750s ]
INFO: [ view_filter ] --END-- [ RunTime:0.003028s ]
INFO: [ view_end ] --START--
INFO: ShowPageTrace Behavior ::run [ RunTime:0.000932s ]
INFO: [ view_end ] --END-- [ RunTime:0.001083s ]

[ 2016-07-13T10:58:40+08:00 ] 0.0.0.0 /index/about/type_id/4.html
INFO: [ route_check ] --START--
INFO: CheckRoute Behavior ::run [ RunTime:0.001066s ]
INFO: [ route_check ] --END-- [ RunTime:0.001162s ]
INFO: [ app_begin ] --START--
INFO: ReadHtmlCache Behavior ::run [ RunTime:0.001300s ]
INFO: [ app_begin ] --END-- [ RunTime:0.001425s ]
SQL: SHOW COLUMNS FROM `xsser_news` [ RunTime:0.030875s ]
SQL: SELECT * FROM `xsser_news` WHERE ( `type_id` = 1 ) ORDER BY show_level desc,id desc LIMIT 1   [ RunTime:0.031532s ]
SQL: SELECT * FROM `xsser_news` WHERE ( `type_id` = 10 ) ORDER BY show_level desc,id desc LIMIT 1   [ RunTime:0.267465s ]
SQL: SHOW COLUMNS FROM `xsser_conf` [ RunTime:0.031025s ]
SQL: SELECT * FROM `xsser_conf` WHERE (  conf='全局立即购买链接'  ) LIMIT 1   [ RunTime:0.032465s ]
SQL: SELECT * FROM `xsser_conf` WHERE (  conf='全局在线咨询链接'  ) LIMIT 1   [ RunTime:0.030256s ]
SQL: SHOW COLUMNS FROM `xsser_product` [ RunTime:0.033197s ]
SQL: SELECT * FROM `xsser_product` WHERE ( `type_id` = 22 ) ORDER BY  show_level,id desc  LIMIT 1   [ RunTime:0.033413s ]
SQL: SELECT * FROM `xsser_product` WHERE ( `type_id` = 30 ) ORDER BY  show_level,id desc   [ RunTime:0.032829s ]
SQL: SHOW COLUMNS FROM `xsser_news_type` [ RunTime:0.030953s ]
SQL: SELECT * FROM `xsser_news_type` WHERE ( `id` = 4 ) LIMIT 1   [ RunTime:0.031255s ]
SQL: SELECT * FROM `xsser_news` WHERE ( `type_id` = 4 ) LIMIT 1   [ RunTime:0.032622s ]
INFO: [ view_parse ] --START--
INFO: ParseTemplate Behavior ::run [ RunTime:0.022833s ]
INFO: [ view_parse ] --END-- [ RunTime:0.022909s ]
INFO: [ view_filter ] --START--
INFO: ContentReplace Behavior ::run [ RunTime:0.000656s ]
INFO: TokenBuild Behavior ::run [ RunTime:0.000499s ]
INFO: WriteHtmlCache Behavior ::run [ RunTime:0.000390s ]
INFO: ShowRuntime Behavior ::run [ RunTime:0.000559s ]
INFO: [ view_filter ] --END-- [ RunTime:0.002238s ]
INFO: [ view_end ] --START--
INFO: ShowPageTrace Behavior ::run [ RunTime:0.002273s ]
INFO: [ view_end ] --END-- [ RunTime:0.002417s ]

[ 2016-07-13T10:59:13+08:00 ] 0.0.0.0 /Public/ueditor/themes/default/ueditor.css
INFO: [ route_check ] --START--
INFO: CheckRoute Behavior ::run [ RunTime:0.007573s ]
INFO: [ route_check ] --END-- [ RunTime:0.007722s ]
INFO: [ app_begin ] --START--
INFO: ReadHtmlCache Behavior ::run [ RunTime:0.002733s ]
INFO: [ app_begin ] --END-- [ RunTime:0.002833s ]
ERR: 无法加载模块:Public

[ 2016-07-13T10:59:18+08:00 ] 0.0.0.0 /Public/ueditor/themes/default/ueditor.css
INFO: [ route_check ] --START--
INFO: CheckRoute Behavior ::run [ RunTime:0.001013s ]
INFO: [ route_check ] --END-- [ RunTime:0.001094s ]
INFO: [ app_begin ] --START--
INFO: ReadHtmlCache Behavior ::run [ RunTime:0.000724s ]
INFO: [ app_begin ] --END-- [ RunTime:0.000798s ]
ERR: 无法加载模块:Public

[ 2016-07-13T10:59:20+08:00 ] 0.0.0.0 /Public/ueditor/themes/default/ueditor.css
INFO: [ route_check ] --START--
INFO: CheckRoute Behavior ::run [ RunTime:0.001169s ]
INFO: [ route_check ] --END-- [ RunTime:0.001262s ]
INFO: [ app_begin ] --START--
INFO: ReadHtmlCache Behavior ::run [ RunTime:0.000886s ]
INFO: [ app_begin ] --END-- [ RunTime:0.000956s ]
ERR: 无法加载模块:Public

[ 2016-07-13T10:59:33+08:00 ] 0.0.0.0 /Public/ueditor/themes/default/ueditor.css
INFO: [ route_check ] --START--
INFO: CheckRoute Behavior ::run [ RunTime:0.001264s ]
INFO: [ route_check ] --END-- [ RunTime:0.001351s ]
INFO: [ app_begin ] --START--
INFO: ReadHtmlCache Behavior ::run [ RunTime:0.000799s ]
INFO: [ app_begin ] --END-- [ RunTime:0.000862s ]
ERR: 无法加载模块:Public

[ 2016-07-13T10:59:56+08:00 ] 0.0.0.0 /Public/ueditor/themes/default/ueditor.css
INFO: [ route_check ] --START--
INFO: CheckRoute Behavior ::run [ RunTime:0.001254s ]
INFO: [ route_check ] --END-- [ RunTime:0.001360s ]
INFO: [ app_begin ] --START--
INFO: ReadHtmlCache Behavior ::run [ RunTime:0.000839s ]
INFO: [ app_begin ] --END-- [ RunTime:0.000905s ]
ERR: 无法加载模块:Public

[ 2016-07-13T11:00:00+08:00 ] 0.0.0.0 /
INFO: [ app_begin ] --START--
INFO: ReadHtmlCache Behavior ::run [ RunTime:0.000779s ]
INFO: [ app_begin ] --END-- [ RunTime:0.000861s ]
SQL: SHOW COLUMNS FROM `xsser_news` [ RunTime:0.032303s ]
SQL: SELECT * FROM `xsser_news` WHERE ( `type_id` = 1 ) ORDER BY show_level desc,id desc LIMIT 1   [ RunTime:0.031966s ]
SQL: SELECT * FROM `xsser_news` WHERE ( `type_id` = 10 ) ORDER BY show_level desc,id desc LIMIT 1   [ RunTime:0.031442s ]
SQL: SHOW COLUMNS FROM `xsser_conf` [ RunTime:0.031919s ]
SQL: SELECT * FROM `xsser_conf` WHERE (  conf='全局立即购买链接'  ) LIMIT 1   [ RunTime:0.029736s ]
SQL: SELECT * FROM `xsser_conf` WHERE (  conf='全局在线咨询链接'  ) LIMIT 1   [ RunTime:0.036463s ]
SQL: SHOW COLUMNS FROM `xsser_product` [ RunTime:0.030770s ]
SQL: SELECT * FROM `xsser_product` WHERE ( `type_id` = 22 ) ORDER BY  show_level,id desc  LIMIT 1   [ RunTime:0.031746s ]
SQL: SELECT * FROM `xsser_product` WHERE ( `type_id` = 30 ) ORDER BY  show_level,id desc   [ RunTime:0.039026s ]
SQL: SELECT * FROM `xsser_conf` WHERE (  conf='网站标题'  ) LIMIT 1   [ RunTime:0.050146s ]
SQL: SELECT * FROM `xsser_conf` WHERE (  conf='网站关键词'  ) LIMIT 1   [ RunTime:0.048956s ]
SQL: SELECT * FROM `xsser_conf` WHERE (  conf='网站描述'  ) LIMIT 1   [ RunTime:0.041111s ]
SQL: SELECT * FROM `xsser_product` WHERE ( `type_id` = 4 ) ORDER BY  show_level,id desc   [ RunTime:0.034227s ]
SQL: SELECT * FROM `xsser_product` WHERE ( `type_id` = 28 ) ORDER BY  show_level,id desc   [ RunTime:0.035900s ]
SQL: SHOW COLUMNS FROM `xsser_product_type` [ RunTime:0.030350s ]
SQL: SELECT * FROM `xsser_product_type` WHERE ( `type_type` = 5 ) AND ( `type_rank` = 2 ) ORDER BY  show_level,id desc   [ RunTime:0.036529s ]
SQL: SELECT * FROM `xsser_product` WHERE ( `type_id` = 17 ) ORDER BY  show_level,id desc  LIMIT 3   [ RunTime:0.140764s ]
SQL: SELECT * FROM `xsser_product` WHERE ( `type_id` = 18 ) ORDER BY  show_level,id desc  LIMIT 3   [ RunTime:0.056045s ]
SQL: SELECT * FROM `xsser_product` WHERE ( `type_id` = 19 ) ORDER BY  show_level,id desc  LIMIT 3   [ RunTime:0.033133s ]
SQL: SELECT `id` FROM `xsser_product_type` WHERE ( `type_type` = 5 ) ORDER BY  show_level,id desc   [ RunTime:0.029992s ]
SQL: SELECT * FROM `xsser_product` WHERE ( `type_id` IN ('24','25','26','27','23') ) AND ( `active` = 1 ) ORDER BY  show_level,id desc  LIMIT 6   [ RunTime:0.067063s ]
SQL: SELECT * FROM `xsser_product` WHERE ( `type_id` = 9 ) ORDER BY  show_level,id desc  LIMIT 1   [ RunTime:0.031729s ]
SQL: SELECT * FROM `xsser_product` WHERE ( `type_id` = 7 ) ORDER BY  show_level,id desc  LIMIT 10   [ RunTime:0.033144s ]
SQL: SELECT * FROM `xsser_product` WHERE ( `type_id` = 10 ) ORDER BY  show_level,id desc  LIMIT 10   [ RunTime:0.031675s ]
SQL: SELECT * FROM `xsser_product` WHERE ( `type_id` = 11 ) ORDER BY  show_level,id desc  LIMIT 1   [ RunTime:0.031869s ]
SQL: SELECT * FROM `xsser_product` WHERE ( `type_id` = 12 ) ORDER BY  show_level,id desc  LIMIT 0,8   [ RunTime:0.031786s ]
SQL: SELECT * FROM `xsser_product` WHERE ( `type_id` = 13 ) ORDER BY  show_level,id desc  LIMIT 0,8   [ RunTime:0.031059s ]
SQL: SELECT `id` FROM `xsser_product_type` WHERE ( `type_type` = 1 ) ORDER BY  show_level,id desc   [ RunTime:0.029526s ]
SQL: SELECT * FROM `xsser_product` WHERE ( `type_id` IN ('8','7','6') ) AND ( `active` = 1 ) ORDER BY  show_level,id desc  LIMIT 8   [ RunTime:0.050455s ]
SQL: SELECT * FROM `xsser_product` WHERE ( `type_id` = 15 ) ORDER BY  show_level,id desc  LIMIT 1   [ RunTime:0.038332s ]
SQL: SELECT * FROM `xsser_news` WHERE ( `type_id` = 2 ) ORDER BY  show_level,id desc  LIMIT 4   [ RunTime:0.034182s ]
SQL: SELECT `id` FROM `xsser_product_type` WHERE ( `type_type` = 4 ) ORDER BY  show_level,id desc   [ RunTime:0.029476s ]
SQL: SELECT * FROM `xsser_product` WHERE ( `type_id` IN ('17','18','16') ) AND ( `active` = 1 ) ORDER BY  show_level,id desc  LIMIT 3   [ RunTime:0.067367s ]
SQL: SELECT * FROM `xsser_product` WHERE ( `type_id` = 21 ) ORDER BY  show_level,id desc  LIMIT 11   [ RunTime:0.031592s ]
INFO: [ view_parse ] --START--
INFO: ParseTemplate Behavior ::run [ RunTime:0.030476s ]
INFO: [ view_parse ] --END-- [ RunTime:0.030564s ]
INFO: [ view_filter ] --START--
INFO: ContentReplace Behavior ::run [ RunTime:0.001076s ]
INFO: TokenBuild Behavior ::run [ RunTime:0.000601s ]
INFO: WriteHtmlCache Behavior ::run [ RunTime:0.000443s ]
INFO: ShowRuntime Behavior ::run [ RunTime:0.000874s ]
INFO: [ view_filter ] --END-- [ RunTime:0.003177s ]
INFO: [ view_end ] --START--
INFO: ShowPageTrace Behavior ::run [ RunTime:0.001214s ]
INFO: [ view_end ] --END-- [ RunTime:0.001290s ]

[ 2016-07-13T11:01:05+08:00 ] 0.0.0.0 /Public/ueditor/themes/default/ueditor.css
INFO: [ route_check ] --START--
INFO: CheckRoute Behavior ::run [ RunTime:0.002527s ]
INFO: [ route_check ] --END-- [ RunTime:0.002614s ]
INFO: [ app_begin ] --START--
INFO: ReadHtmlCache Behavior ::run [ RunTime:0.002174s ]
INFO: [ app_begin ] --END-- [ RunTime:0.002258s ]
ERR: 无法加载模块:Public

